[0.000000] (-) TimerEvent: {}
[0.000355] (gazebo_cable_env) JobQueued: {'identifier': 'gazebo_cable_env', 'dependencies': OrderedDict()}
[0.000374] (robotiq_hande_description) JobQueued: {'identifier': 'robotiq_hande_description', 'dependencies': OrderedDict()}
[0.000383] (gazebo_cable_env) JobStarted: {'identifier': 'gazebo_cable_env'}
[0.002517] (robotiq_hande_description) JobStarted: {'identifier': 'robotiq_hande_description'}
[0.004174] (gazebo_cable_env) JobProgress: {'identifier': 'gazebo_cable_env', 'progress': 'cmake'}
[0.004415] (gazebo_cable_env) Command: {'cmd': ['/usr/bin/cmake', '/home/raghav/workspace/intrinsic_challenge/gazebo_cable_env', '-DCMAKE_INSTALL_PREFIX=/home/raghav/workspace/intrinsic_challenge/install/gazebo_cable_env'], 'cwd': '/home/raghav/workspace/intrinsic_challenge/build/gazebo_cable_env', 'env': OrderedDict({'GZ_SIM_RESOURCE_PATH': '/opt/ros/jazzy/share', 'GZ_CONFIG_PATH': '/opt/ros/jazzy/opt/gz_sim_vendor/share/gz:/opt/ros/jazzy/opt/sdformat_vendor/share/gz:/opt/ros/jazzy/opt/gz_gui_vendor/share/gz:/opt/ros/jazzy/opt/gz_transport_vendor/share/gz:/opt/ros/jazzy/opt/gz_rendering_vendor/share/gz:/opt/ros/jazzy/opt/gz_plugin_vendor/share/gz:/opt/ros/jazzy/opt/gz_fuel_tools_vendor/share/gz:/opt/ros/jazzy/opt/gz_msgs_vendor/share/gz:/opt/ros/jazzy/opt/gz_common_vendor/share/gz', 'SHLVL': '0', 'LD_LIBRARY_PATH': '/opt/ros/jazzy/opt/gz_sim_vendor/lib:/opt/ros/jazzy/opt/gz_sensors_vendor/lib:/opt/ros/jazzy/opt/gz_physics_vendor/lib:/opt/ros/jazzy/opt/sdformat_vendor/lib:/opt/ros/jazzy/opt/rviz_ogre_vendor/lib:/opt/ros/jazzy/lib/x86_64-linux-gnu:/opt/ros/jazzy/opt/gz_gui_vendor/lib:/opt/ros/jazzy/opt/gz_transport_vendor/lib:/opt/ros/jazzy/opt/gz_rendering_vendor/lib:/opt/ros/jazzy/opt/gz_plugin_vendor/lib:/opt/ros/jazzy/opt/gz_fuel_tools_vendor/lib:/opt/ros/jazzy/opt/gz_msgs_vendor/lib:/opt/ros/jazzy/opt/gz_common_vendor/lib:/opt/ros/jazzy/opt/gz_math_vendor/lib:/opt/ros/jazzy/opt/gz_utils_vendor/lib:/opt/ros/jazzy/opt/gz_tools_vendor/lib:/opt/ros/jazzy/opt/gz_ogre_next_vendor/lib:/opt/ros/jazzy/opt/gz_dartsim_vendor/lib:/opt/ros/jazzy/opt/gz_cmake_vendor/lib:/opt/ros/jazzy/lib', 'HOME': '/home/raghav', 'OLDPWD': '/home/raghav/workspace/intrinsic_challenge', 'ROS_PYTHON_VERSION': '3', 'LC_CTYPE': 'C.UTF-8', 'ROS_DISTRO': 'jazzy', '_': '/usr/bin/colcon', 'ROS_VERSION': '2', 'PATH': '/opt/ros/jazzy/opt/gz_msgs_vendor/bin:/opt/ros/jazzy/opt/gz_tools_vendor/bin:/opt/ros/jazzy/opt/gz_ogre_next_vendor/bin:/opt/ros/jazzy/bin:/usr/bin:/bin:/usr/sbin:/sbin', 'AMENT_PREFIX_PATH': '/opt/ros/jazzy', 'ROS_AUTOMATIC_DISCOVERY_RANGE': 'SUBNET', 'PWD': '/home/raghav/workspace/intrinsic_challenge/build/gazebo_cable_env', 'PYTHONPATH': '/opt/ros/jazzy/lib/python3.12/site-packages', 'COLCON': '1', 'CMAKE_PREFIX_PATH': '/opt/ros/jazzy/opt/gz_sim_vendor:/opt/ros/jazzy/opt/gz_sensors_vendor:/opt/ros/jazzy/opt/gz_physics_vendor:/opt/ros/jazzy/opt/sdformat_vendor:/opt/ros/jazzy/opt/gz_gui_vendor:/opt/ros/jazzy/opt/gz_transport_vendor:/opt/ros/jazzy/opt/gz_rendering_vendor:/opt/ros/jazzy/opt/gz_plugin_vendor:/opt/ros/jazzy/opt/gz_fuel_tools_vendor:/opt/ros/jazzy/opt/gz_msgs_vendor:/opt/ros/jazzy/opt/gz_common_vendor:/opt/ros/jazzy/opt/gz_math_vendor:/opt/ros/jazzy/opt/gz_utils_vendor:/opt/ros/jazzy/opt/gz_tools_vendor:/opt/ros/jazzy/opt/gz_ogre_next_vendor:/opt/ros/jazzy/opt/gz_dartsim_vendor:/opt/ros/jazzy/opt/gz_cmake_vendor:/opt/ros/jazzy'}), 'shell': False}
[0.005969] (robotiq_hande_description) JobProgress: {'identifier': 'robotiq_hande_description', 'progress': 'cmake'}
[0.006129] (robotiq_hande_description) Command: {'cmd': ['/usr/bin/cmake', '/home/raghav/workspace/intrinsic_challenge/robotiq_hande_description', '-DCMAKE_INSTALL_PREFIX=/home/raghav/workspace/intrinsic_challenge/install/robotiq_hande_description'], 'cwd': '/home/raghav/workspace/intrinsic_challenge/build/robotiq_hande_description', 'env': OrderedDict({'GZ_SIM_RESOURCE_PATH': '/opt/ros/jazzy/share', 'GZ_CONFIG_PATH': '/opt/ros/jazzy/opt/gz_sim_vendor/share/gz:/opt/ros/jazzy/opt/sdformat_vendor/share/gz:/opt/ros/jazzy/opt/gz_gui_vendor/share/gz:/opt/ros/jazzy/opt/gz_transport_vendor/share/gz:/opt/ros/jazzy/opt/gz_rendering_vendor/share/gz:/opt/ros/jazzy/opt/gz_plugin_vendor/share/gz:/opt/ros/jazzy/opt/gz_fuel_tools_vendor/share/gz:/opt/ros/jazzy/opt/gz_msgs_vendor/share/gz:/opt/ros/jazzy/opt/gz_common_vendor/share/gz', 'SHLVL': '0', 'LD_LIBRARY_PATH': '/opt/ros/jazzy/opt/gz_sim_vendor/lib:/opt/ros/jazzy/opt/gz_sensors_vendor/lib:/opt/ros/jazzy/opt/gz_physics_vendor/lib:/opt/ros/jazzy/opt/sdformat_vendor/lib:/opt/ros/jazzy/opt/rviz_ogre_vendor/lib:/opt/ros/jazzy/lib/x86_64-linux-gnu:/opt/ros/jazzy/opt/gz_gui_vendor/lib:/opt/ros/jazzy/opt/gz_transport_vendor/lib:/opt/ros/jazzy/opt/gz_rendering_vendor/lib:/opt/ros/jazzy/opt/gz_plugin_vendor/lib:/opt/ros/jazzy/opt/gz_fuel_tools_vendor/lib:/opt/ros/jazzy/opt/gz_msgs_vendor/lib:/opt/ros/jazzy/opt/gz_common_vendor/lib:/opt/ros/jazzy/opt/gz_math_vendor/lib:/opt/ros/jazzy/opt/gz_utils_vendor/lib:/opt/ros/jazzy/opt/gz_tools_vendor/lib:/opt/ros/jazzy/opt/gz_ogre_next_vendor/lib:/opt/ros/jazzy/opt/gz_dartsim_vendor/lib:/opt/ros/jazzy/opt/gz_cmake_vendor/lib:/opt/ros/jazzy/lib', 'HOME': '/home/raghav', 'OLDPWD': '/home/raghav/workspace/intrinsic_challenge', 'ROS_PYTHON_VERSION': '3', 'LC_CTYPE': 'C.UTF-8', 'ROS_DISTRO': 'jazzy', '_': '/usr/bin/colcon', 'ROS_VERSION': '2', 'PATH': '/opt/ros/jazzy/opt/gz_msgs_vendor/bin:/opt/ros/jazzy/opt/gz_tools_vendor/bin:/opt/ros/jazzy/opt/gz_ogre_next_vendor/bin:/opt/ros/jazzy/bin:/usr/bin:/bin:/usr/sbin:/sbin', 'AMENT_PREFIX_PATH': '/opt/ros/jazzy', 'ROS_AUTOMATIC_DISCOVERY_RANGE': 'SUBNET', 'PWD': '/home/raghav/workspace/intrinsic_challenge/build/robotiq_hande_description', 'PYTHONPATH': '/opt/ros/jazzy/lib/python3.12/site-packages', 'COLCON': '1', 'CMAKE_PREFIX_PATH': '/opt/ros/jazzy/opt/gz_sim_vendor:/opt/ros/jazzy/opt/gz_sensors_vendor:/opt/ros/jazzy/opt/gz_physics_vendor:/opt/ros/jazzy/opt/sdformat_vendor:/opt/ros/jazzy/opt/gz_gui_vendor:/opt/ros/jazzy/opt/gz_transport_vendor:/opt/ros/jazzy/opt/gz_rendering_vendor:/opt/ros/jazzy/opt/gz_plugin_vendor:/opt/ros/jazzy/opt/gz_fuel_tools_vendor:/opt/ros/jazzy/opt/gz_msgs_vendor:/opt/ros/jazzy/opt/gz_common_vendor:/opt/ros/jazzy/opt/gz_math_vendor:/opt/ros/jazzy/opt/gz_utils_vendor:/opt/ros/jazzy/opt/gz_tools_vendor:/opt/ros/jazzy/opt/gz_ogre_next_vendor:/opt/ros/jazzy/opt/gz_dartsim_vendor:/opt/ros/jazzy/opt/gz_cmake_vendor:/opt/ros/jazzy'}), 'shell': False}
[0.032022] (gazebo_cable_env) StdoutLine: {'line': b'-- The C compiler identification is GNU 14.2.0\n'}
[0.033492] (robotiq_hande_description) StdoutLine: {'line': b'-- The C compiler identification is GNU 14.2.0\n'}
[0.057363] (gazebo_cable_env) StdoutLine: {'line': b'-- The CXX compiler identification is GNU 14.2.0\n'}
[0.058130] (robotiq_hande_description) StdoutLine: {'line': b'-- The CXX compiler identification is GNU 14.2.0\n'}
[0.065724] (gazebo_cable_env) StdoutLine: {'line': b'-- Detecting C compiler ABI info\n'}
[0.066160] (robotiq_hande_description) StdoutLine: {'line': b'-- Detecting C compiler ABI info\n'}
[0.099902] (-) TimerEvent: {}
[0.108477] (robotiq_hande_description) StdoutLine: {'line': b'-- Detecting C compiler ABI info - done\n'}
[0.108616] (gazebo_cable_env) StdoutLine: {'line': b'-- Detecting C compiler ABI info - done\n'}
[0.113242] (robotiq_hande_description) StdoutLine: {'line': b'-- Check for working C compiler: /usr/bin/cc - skipped\n'}
[0.113384] (robotiq_hande_description) StdoutLine: {'line': b'-- Detecting C compile features\n'}
[0.113561] (gazebo_cable_env) StdoutLine: {'line': b'-- Check for working C compiler: /usr/bin/cc - skipped\n'}
[0.113651] (robotiq_hande_description) StdoutLine: {'line': b'-- Detecting C compile features - done\n'}
[0.113745] (gazebo_cable_env) StdoutLine: {'line': b'-- Detecting C compile features\n'}
[0.113805] (gazebo_cable_env) StdoutLine: {'line': b'-- Detecting C compile features - done\n'}
[0.118411] (gazebo_cable_env) StdoutLine: {'line': b'-- Detecting CXX compiler ABI info\n'}
[0.118616] (robotiq_hande_description) StdoutLine: {'line': b'-- Detecting CXX compiler ABI info\n'}
[0.169713] (robotiq_hande_description) StdoutLine: {'line': b'-- Detecting CXX compiler ABI info - done\n'}
[0.169848] (gazebo_cable_env) StdoutLine: {'line': b'-- Detecting CXX compiler ABI info - done\n'}
[0.173954] (robotiq_hande_description) StdoutLine: {'line': b'-- Check for working CXX compiler: /usr/bin/c++ - skipped\n'}
[0.174094] (robotiq_hande_description) StdoutLine: {'line': b'-- Detecting CXX compile features\n'}
[0.174168] (gazebo_cable_env) StdoutLine: {'line': b'-- Check for working CXX compiler: /usr/bin/c++ - skipped\n'}
[0.174313] (robotiq_hande_description) StdoutLine: {'line': b'-- Detecting CXX compile features - done\n'}
[0.174345] (gazebo_cable_env) StdoutLine: {'line': b'-- Detecting CXX compile features\n'}
[0.174592] (gazebo_cable_env) StdoutLine: {'line': b'-- Detecting CXX compile features - done\n'}
[0.176294] (robotiq_hande_description) StdoutLine: {'line': b'-- Found ament_cmake: 2.5.5 (/opt/ros/jazzy/share/ament_cmake/cmake)\n'}
[0.176415] (gazebo_cable_env) StdoutLine: {'line': b'-- Found ament_cmake: 2.5.5 (/opt/ros/jazzy/share/ament_cmake/cmake)\n'}
[0.199964] (-) TimerEvent: {}
[0.254283] (robotiq_hande_description) StdoutLine: {'line': b'-- Found Python3: /usr/bin/python3 (found version "3.12.3") found components: Interpreter \n'}
[0.254484] (gazebo_cable_env) StdoutLine: {'line': b'-- Found Python3: /usr/bin/python3 (found version "3.12.3") found components: Interpreter \n'}
[0.300042] (-) TimerEvent: {}
[0.355761] (gazebo_cable_env) StdoutLine: {'line': b'-- Configuring done (0.3s)\n'}
[0.356767] (gazebo_cable_env) StdoutLine: {'line': b'-- Generating done (0.0s)\n'}
[0.356846] (robotiq_hande_description) StdoutLine: {'line': b'-- Configuring done (0.3s)\n'}
[0.357420] (gazebo_cable_env) StdoutLine: {'line': b'-- Build files have been written to: /home/raghav/workspace/intrinsic_challenge/build/gazebo_cable_env\n'}
[0.357797] (robotiq_hande_description) StdoutLine: {'line': b'-- Generating done (0.0s)\n'}
[0.358698] (robotiq_hande_description) StdoutLine: {'line': b'-- Build files have been written to: /home/raghav/workspace/intrinsic_challenge/build/robotiq_hande_description\n'}
[0.360809] (gazebo_cable_env) CommandEnded: {'returncode': 0}
[0.361441] (gazebo_cable_env) JobProgress: {'identifier': 'gazebo_cable_env', 'progress': 'build'}
[0.361495] (gazebo_cable_env) Command: {'cmd': ['/usr/bin/cmake', '--build', '/home/raghav/workspace/intrinsic_challenge/build/gazebo_cable_env', '--', '-j32', '-l32'], 'cwd': '/home/raghav/workspace/intrinsic_challenge/build/gazebo_cable_env', 'env': OrderedDict({'GZ_SIM_RESOURCE_PATH': '/opt/ros/jazzy/share', 'GZ_CONFIG_PATH': '/opt/ros/jazzy/opt/gz_sim_vendor/share/gz:/opt/ros/jazzy/opt/sdformat_vendor/share/gz:/opt/ros/jazzy/opt/gz_gui_vendor/share/gz:/opt/ros/jazzy/opt/gz_transport_vendor/share/gz:/opt/ros/jazzy/opt/gz_rendering_vendor/share/gz:/opt/ros/jazzy/opt/gz_plugin_vendor/share/gz:/opt/ros/jazzy/opt/gz_fuel_tools_vendor/share/gz:/opt/ros/jazzy/opt/gz_msgs_vendor/share/gz:/opt/ros/jazzy/opt/gz_common_vendor/share/gz', 'SHLVL': '0', 'LD_LIBRARY_PATH': '/opt/ros/jazzy/opt/gz_sim_vendor/lib:/opt/ros/jazzy/opt/gz_sensors_vendor/lib:/opt/ros/jazzy/opt/gz_physics_vendor/lib:/opt/ros/jazzy/opt/sdformat_vendor/lib:/opt/ros/jazzy/opt/rviz_ogre_vendor/lib:/opt/ros/jazzy/lib/x86_64-linux-gnu:/opt/ros/jazzy/opt/gz_gui_vendor/lib:/opt/ros/jazzy/opt/gz_transport_vendor/lib:/opt/ros/jazzy/opt/gz_rendering_vendor/lib:/opt/ros/jazzy/opt/gz_plugin_vendor/lib:/opt/ros/jazzy/opt/gz_fuel_tools_vendor/lib:/opt/ros/jazzy/opt/gz_msgs_vendor/lib:/opt/ros/jazzy/opt/gz_common_vendor/lib:/opt/ros/jazzy/opt/gz_math_vendor/lib:/opt/ros/jazzy/opt/gz_utils_vendor/lib:/opt/ros/jazzy/opt/gz_tools_vendor/lib:/opt/ros/jazzy/opt/gz_ogre_next_vendor/lib:/opt/ros/jazzy/opt/gz_dartsim_vendor/lib:/opt/ros/jazzy/opt/gz_cmake_vendor/lib:/opt/ros/jazzy/lib', 'HOME': '/home/raghav', 'OLDPWD': '/home/raghav/workspace/intrinsic_challenge', 'ROS_PYTHON_VERSION': '3', 'LC_CTYPE': 'C.UTF-8', 'ROS_DISTRO': 'jazzy', '_': '/usr/bin/colcon', 'ROS_VERSION': '2', 'PATH': '/opt/ros/jazzy/opt/gz_msgs_vendor/bin:/opt/ros/jazzy/opt/gz_tools_vendor/bin:/opt/ros/jazzy/opt/gz_ogre_next_vendor/bin:/opt/ros/jazzy/bin:/usr/bin:/bin:/usr/sbin:/sbin', 'AMENT_PREFIX_PATH': '/opt/ros/jazzy', 'ROS_AUTOMATIC_DISCOVERY_RANGE': 'SUBNET', 'PWD': '/home/raghav/workspace/intrinsic_challenge/build/gazebo_cable_env', 'PYTHONPATH': '/opt/ros/jazzy/lib/python3.12/site-packages', 'COLCON': '1', 'CMAKE_PREFIX_PATH': '/opt/ros/jazzy/opt/gz_sim_vendor:/opt/ros/jazzy/opt/gz_sensors_vendor:/opt/ros/jazzy/opt/gz_physics_vendor:/opt/ros/jazzy/opt/sdformat_vendor:/opt/ros/jazzy/opt/gz_gui_vendor:/opt/ros/jazzy/opt/gz_transport_vendor:/opt/ros/jazzy/opt/gz_rendering_vendor:/opt/ros/jazzy/opt/gz_plugin_vendor:/opt/ros/jazzy/opt/gz_fuel_tools_vendor:/opt/ros/jazzy/opt/gz_msgs_vendor:/opt/ros/jazzy/opt/gz_common_vendor:/opt/ros/jazzy/opt/gz_math_vendor:/opt/ros/jazzy/opt/gz_utils_vendor:/opt/ros/jazzy/opt/gz_tools_vendor:/opt/ros/jazzy/opt/gz_ogre_next_vendor:/opt/ros/jazzy/opt/gz_dartsim_vendor:/opt/ros/jazzy/opt/gz_cmake_vendor:/opt/ros/jazzy'}), 'shell': False}
[0.362116] (robotiq_hande_description) CommandEnded: {'returncode': 0}
[0.362299] (robotiq_hande_description) JobProgress: {'identifier': 'robotiq_hande_description', 'progress': 'build'}
[0.362558] (robotiq_hande_description) Command: {'cmd': ['/usr/bin/cmake', '--build', '/home/raghav/workspace/intrinsic_challenge/build/robotiq_hande_description', '--', '-j32', '-l32'], 'cwd': '/home/raghav/workspace/intrinsic_challenge/build/robotiq_hande_description', 'env': OrderedDict({'GZ_SIM_RESOURCE_PATH': '/opt/ros/jazzy/share', 'GZ_CONFIG_PATH': '/opt/ros/jazzy/opt/gz_sim_vendor/share/gz:/opt/ros/jazzy/opt/sdformat_vendor/share/gz:/opt/ros/jazzy/opt/gz_gui_vendor/share/gz:/opt/ros/jazzy/opt/gz_transport_vendor/share/gz:/opt/ros/jazzy/opt/gz_rendering_vendor/share/gz:/opt/ros/jazzy/opt/gz_plugin_vendor/share/gz:/opt/ros/jazzy/opt/gz_fuel_tools_vendor/share/gz:/opt/ros/jazzy/opt/gz_msgs_vendor/share/gz:/opt/ros/jazzy/opt/gz_common_vendor/share/gz', 'SHLVL': '0', 'LD_LIBRARY_PATH': '/opt/ros/jazzy/opt/gz_sim_vendor/lib:/opt/ros/jazzy/opt/gz_sensors_vendor/lib:/opt/ros/jazzy/opt/gz_physics_vendor/lib:/opt/ros/jazzy/opt/sdformat_vendor/lib:/opt/ros/jazzy/opt/rviz_ogre_vendor/lib:/opt/ros/jazzy/lib/x86_64-linux-gnu:/opt/ros/jazzy/opt/gz_gui_vendor/lib:/opt/ros/jazzy/opt/gz_transport_vendor/lib:/opt/ros/jazzy/opt/gz_rendering_vendor/lib:/opt/ros/jazzy/opt/gz_plugin_vendor/lib:/opt/ros/jazzy/opt/gz_fuel_tools_vendor/lib:/opt/ros/jazzy/opt/gz_msgs_vendor/lib:/opt/ros/jazzy/opt/gz_common_vendor/lib:/opt/ros/jazzy/opt/gz_math_vendor/lib:/opt/ros/jazzy/opt/gz_utils_vendor/lib:/opt/ros/jazzy/opt/gz_tools_vendor/lib:/opt/ros/jazzy/opt/gz_ogre_next_vendor/lib:/opt/ros/jazzy/opt/gz_dartsim_vendor/lib:/opt/ros/jazzy/opt/gz_cmake_vendor/lib:/opt/ros/jazzy/lib', 'HOME': '/home/raghav', 'OLDPWD': '/home/raghav/workspace/intrinsic_challenge', 'ROS_PYTHON_VERSION': '3', 'LC_CTYPE': 'C.UTF-8', 'ROS_DISTRO': 'jazzy', '_': '/usr/bin/colcon', 'ROS_VERSION': '2', 'PATH': '/opt/ros/jazzy/opt/gz_msgs_vendor/bin:/opt/ros/jazzy/opt/gz_tools_vendor/bin:/opt/ros/jazzy/opt/gz_ogre_next_vendor/bin:/opt/ros/jazzy/bin:/usr/bin:/bin:/usr/sbin:/sbin', 'AMENT_PREFIX_PATH': '/opt/ros/jazzy', 'ROS_AUTOMATIC_DISCOVERY_RANGE': 'SUBNET', 'PWD': '/home/raghav/workspace/intrinsic_challenge/build/robotiq_hande_description', 'PYTHONPATH': '/opt/ros/jazzy/lib/python3.12/site-packages', 'COLCON': '1', 'CMAKE_PREFIX_PATH': '/opt/ros/jazzy/opt/gz_sim_vendor:/opt/ros/jazzy/opt/gz_sensors_vendor:/opt/ros/jazzy/opt/gz_physics_vendor:/opt/ros/jazzy/opt/sdformat_vendor:/opt/ros/jazzy/opt/gz_gui_vendor:/opt/ros/jazzy/opt/gz_transport_vendor:/opt/ros/jazzy/opt/gz_rendering_vendor:/opt/ros/jazzy/opt/gz_plugin_vendor:/opt/ros/jazzy/opt/gz_fuel_tools_vendor:/opt/ros/jazzy/opt/gz_msgs_vendor:/opt/ros/jazzy/opt/gz_common_vendor:/opt/ros/jazzy/opt/gz_math_vendor:/opt/ros/jazzy/opt/gz_utils_vendor:/opt/ros/jazzy/opt/gz_tools_vendor:/opt/ros/jazzy/opt/gz_ogre_next_vendor:/opt/ros/jazzy/opt/gz_dartsim_vendor:/opt/ros/jazzy/opt/gz_cmake_vendor:/opt/ros/jazzy'}), 'shell': False}
[0.384059] (robotiq_hande_description) CommandEnded: {'returncode': 0}
[0.384453] (robotiq_hande_description) JobProgress: {'identifier': 'robotiq_hande_description', 'progress': 'install'}
[0.389984] (robotiq_hande_description) Command: {'cmd': ['/usr/bin/cmake', '--install', '/home/raghav/workspace/intrinsic_challenge/build/robotiq_hande_description'], 'cwd': '/home/raghav/workspace/intrinsic_challenge/build/robotiq_hande_description', 'env': OrderedDict({'GZ_SIM_RESOURCE_PATH': '/opt/ros/jazzy/share', 'GZ_CONFIG_PATH': '/opt/ros/jazzy/opt/gz_sim_vendor/share/gz:/opt/ros/jazzy/opt/sdformat_vendor/share/gz:/opt/ros/jazzy/opt/gz_gui_vendor/share/gz:/opt/ros/jazzy/opt/gz_transport_vendor/share/gz:/opt/ros/jazzy/opt/gz_rendering_vendor/share/gz:/opt/ros/jazzy/opt/gz_plugin_vendor/share/gz:/opt/ros/jazzy/opt/gz_fuel_tools_vendor/share/gz:/opt/ros/jazzy/opt/gz_msgs_vendor/share/gz:/opt/ros/jazzy/opt/gz_common_vendor/share/gz', 'SHLVL': '0', 'LD_LIBRARY_PATH': '/opt/ros/jazzy/opt/gz_sim_vendor/lib:/opt/ros/jazzy/opt/gz_sensors_vendor/lib:/opt/ros/jazzy/opt/gz_physics_vendor/lib:/opt/ros/jazzy/opt/sdformat_vendor/lib:/opt/ros/jazzy/opt/rviz_ogre_vendor/lib:/opt/ros/jazzy/lib/x86_64-linux-gnu:/opt/ros/jazzy/opt/gz_gui_vendor/lib:/opt/ros/jazzy/opt/gz_transport_vendor/lib:/opt/ros/jazzy/opt/gz_rendering_vendor/lib:/opt/ros/jazzy/opt/gz_plugin_vendor/lib:/opt/ros/jazzy/opt/gz_fuel_tools_vendor/lib:/opt/ros/jazzy/opt/gz_msgs_vendor/lib:/opt/ros/jazzy/opt/gz_common_vendor/lib:/opt/ros/jazzy/opt/gz_math_vendor/lib:/opt/ros/jazzy/opt/gz_utils_vendor/lib:/opt/ros/jazzy/opt/gz_tools_vendor/lib:/opt/ros/jazzy/opt/gz_ogre_next_vendor/lib:/opt/ros/jazzy/opt/gz_dartsim_vendor/lib:/opt/ros/jazzy/opt/gz_cmake_vendor/lib:/opt/ros/jazzy/lib', 'HOME': '/home/raghav', 'OLDPWD': '/home/raghav/workspace/intrinsic_challenge', 'ROS_PYTHON_VERSION': '3', 'LC_CTYPE': 'C.UTF-8', 'ROS_DISTRO': 'jazzy', '_': '/usr/bin/colcon', 'ROS_VERSION': '2', 'PATH': '/opt/ros/jazzy/opt/gz_msgs_vendor/bin:/opt/ros/jazzy/opt/gz_tools_vendor/bin:/opt/ros/jazzy/opt/gz_ogre_next_vendor/bin:/opt/ros/jazzy/bin:/usr/bin:/bin:/usr/sbin:/sbin', 'AMENT_PREFIX_PATH': '/opt/ros/jazzy', 'ROS_AUTOMATIC_DISCOVERY_RANGE': 'SUBNET', 'PWD': '/home/raghav/workspace/intrinsic_challenge/build/robotiq_hande_description', 'PYTHONPATH': '/opt/ros/jazzy/lib/python3.12/site-packages', 'COLCON': '1', 'CMAKE_PREFIX_PATH': '/opt/ros/jazzy/opt/gz_sim_vendor:/opt/ros/jazzy/opt/gz_sensors_vendor:/opt/ros/jazzy/opt/gz_physics_vendor:/opt/ros/jazzy/opt/sdformat_vendor:/opt/ros/jazzy/opt/gz_gui_vendor:/opt/ros/jazzy/opt/gz_transport_vendor:/opt/ros/jazzy/opt/gz_rendering_vendor:/opt/ros/jazzy/opt/gz_plugin_vendor:/opt/ros/jazzy/opt/gz_fuel_tools_vendor:/opt/ros/jazzy/opt/gz_msgs_vendor:/opt/ros/jazzy/opt/gz_common_vendor:/opt/ros/jazzy/opt/gz_math_vendor:/opt/ros/jazzy/opt/gz_utils_vendor:/opt/ros/jazzy/opt/gz_tools_vendor:/opt/ros/jazzy/opt/gz_ogre_next_vendor:/opt/ros/jazzy/opt/gz_dartsim_vendor:/opt/ros/jazzy/opt/gz_cmake_vendor:/opt/ros/jazzy'}), 'shell': False}
[0.390440] (gazebo_cable_env) CommandEnded: {'returncode': 0}
[0.390736] (gazebo_cable_env) JobProgress: {'identifier': 'gazebo_cable_env', 'progress': 'install'}
[0.390804] (gazebo_cable_env) Command: {'cmd': ['/usr/bin/cmake', '--install', '/home/raghav/workspace/intrinsic_challenge/build/gazebo_cable_env'], 'cwd': '/home/raghav/workspace/intrinsic_challenge/build/gazebo_cable_env', 'env': OrderedDict({'GZ_SIM_RESOURCE_PATH': '/opt/ros/jazzy/share', 'GZ_CONFIG_PATH': '/opt/ros/jazzy/opt/gz_sim_vendor/share/gz:/opt/ros/jazzy/opt/sdformat_vendor/share/gz:/opt/ros/jazzy/opt/gz_gui_vendor/share/gz:/opt/ros/jazzy/opt/gz_transport_vendor/share/gz:/opt/ros/jazzy/opt/gz_rendering_vendor/share/gz:/opt/ros/jazzy/opt/gz_plugin_vendor/share/gz:/opt/ros/jazzy/opt/gz_fuel_tools_vendor/share/gz:/opt/ros/jazzy/opt/gz_msgs_vendor/share/gz:/opt/ros/jazzy/opt/gz_common_vendor/share/gz', 'SHLVL': '0', 'LD_LIBRARY_PATH': '/opt/ros/jazzy/opt/gz_sim_vendor/lib:/opt/ros/jazzy/opt/gz_sensors_vendor/lib:/opt/ros/jazzy/opt/gz_physics_vendor/lib:/opt/ros/jazzy/opt/sdformat_vendor/lib:/opt/ros/jazzy/opt/rviz_ogre_vendor/lib:/opt/ros/jazzy/lib/x86_64-linux-gnu:/opt/ros/jazzy/opt/gz_gui_vendor/lib:/opt/ros/jazzy/opt/gz_transport_vendor/lib:/opt/ros/jazzy/opt/gz_rendering_vendor/lib:/opt/ros/jazzy/opt/gz_plugin_vendor/lib:/opt/ros/jazzy/opt/gz_fuel_tools_vendor/lib:/opt/ros/jazzy/opt/gz_msgs_vendor/lib:/opt/ros/jazzy/opt/gz_common_vendor/lib:/opt/ros/jazzy/opt/gz_math_vendor/lib:/opt/ros/jazzy/opt/gz_utils_vendor/lib:/opt/ros/jazzy/opt/gz_tools_vendor/lib:/opt/ros/jazzy/opt/gz_ogre_next_vendor/lib:/opt/ros/jazzy/opt/gz_dartsim_vendor/lib:/opt/ros/jazzy/opt/gz_cmake_vendor/lib:/opt/ros/jazzy/lib', 'HOME': '/home/raghav', 'OLDPWD': '/home/raghav/workspace/intrinsic_challenge', 'ROS_PYTHON_VERSION': '3', 'LC_CTYPE': 'C.UTF-8', 'ROS_DISTRO': 'jazzy', '_': '/usr/bin/colcon', 'ROS_VERSION': '2', 'PATH': '/opt/ros/jazzy/opt/gz_msgs_vendor/bin:/opt/ros/jazzy/opt/gz_tools_vendor/bin:/opt/ros/jazzy/opt/gz_ogre_next_vendor/bin:/opt/ros/jazzy/bin:/usr/bin:/bin:/usr/sbin:/sbin', 'AMENT_PREFIX_PATH': '/opt/ros/jazzy', 'ROS_AUTOMATIC_DISCOVERY_RANGE': 'SUBNET', 'PWD': '/home/raghav/workspace/intrinsic_challenge/build/gazebo_cable_env', 'PYTHONPATH': '/opt/ros/jazzy/lib/python3.12/site-packages', 'COLCON': '1', 'CMAKE_PREFIX_PATH': '/opt/ros/jazzy/opt/gz_sim_vendor:/opt/ros/jazzy/opt/gz_sensors_vendor:/opt/ros/jazzy/opt/gz_physics_vendor:/opt/ros/jazzy/opt/sdformat_vendor:/opt/ros/jazzy/opt/gz_gui_vendor:/opt/ros/jazzy/opt/gz_transport_vendor:/opt/ros/jazzy/opt/gz_rendering_vendor:/opt/ros/jazzy/opt/gz_plugin_vendor:/opt/ros/jazzy/opt/gz_fuel_tools_vendor:/opt/ros/jazzy/opt/gz_msgs_vendor:/opt/ros/jazzy/opt/gz_common_vendor:/opt/ros/jazzy/opt/gz_math_vendor:/opt/ros/jazzy/opt/gz_utils_vendor:/opt/ros/jazzy/opt/gz_tools_vendor:/opt/ros/jazzy/opt/gz_ogre_next_vendor:/opt/ros/jazzy/opt/gz_dartsim_vendor:/opt/ros/jazzy/opt/gz_cmake_vendor:/opt/ros/jazzy'}), 'shell': False}
[0.395051] (robotiq_hande_description) StdoutLine: {'line': b'-- Install configuration: ""\n'}
[0.395274] (robotiq_hande_description) StdoutLine: {'line': b'-- Installing: /home/raghav/workspace/intrinsic_challenge/install/robotiq_hande_description/share/robotiq_hande_description/launch\n'}
[0.395335] (robotiq_hande_description) StdoutLine: {'line': b'-- Installing: /home/raghav/workspace/intrinsic_challenge/install/robotiq_hande_description/share/robotiq_hande_description/launch/display.launch.py\n'}
[0.395465] (robotiq_hande_description) StdoutLine: {'line': b'-- Installing: /home/raghav/workspace/intrinsic_challenge/install/robotiq_hande_description/share/robotiq_hande_description/meshes\n'}
[0.395643] (gazebo_cable_env) StdoutLine: {'line': b'-- Install configuration: ""\n'}
[0.395699] (robotiq_hande_description) StdoutLine: {'line': b'-- Installing: /home/raghav/workspace/intrinsic_challenge/install/robotiq_hande_description/share/robotiq_hande_description/meshes/io_coupler.dae\n'}
[0.395731] (gazebo_cable_env) StdoutLine: {'line': b'-- Installing: /home/raghav/workspace/intrinsic_challenge/install/gazebo_cable_env/share/gazebo_cable_env/urdf\n'}
[0.395759] (gazebo_cable_env) StdoutLine: {'line': b'-- Installing: /home/raghav/workspace/intrinsic_challenge/install/gazebo_cable_env/share/gazebo_cable_env/urdf/circuit_board.urdf.xacro\n'}
[0.395793] (gazebo_cable_env) StdoutLine: {'line': b'-- Installing: /home/raghav/workspace/intrinsic_challenge/install/gazebo_cable_env/share/gazebo_cable_env/urdf/cable.urdf.xacro\n'}
[0.395825] (gazebo_cable_env) StdoutLine: {'line': b'-- Installing: /home/raghav/workspace/intrinsic_challenge/install/gazebo_cable_env/share/gazebo_cable_env/urdf/robotiq_hande_sim.xacro\n'}
[0.395856] (gazebo_cable_env) StdoutLine: {'line': b'-- Installing: /home/raghav/workspace/intrinsic_challenge/install/gazebo_cable_env/share/gazebo_cable_env/urdf/ur5e_hande.urdf.xacro\n'}
[0.395887] (gazebo_cable_env) StdoutLine: {'line': b'-- Installing: /home/raghav/workspace/intrinsic_challenge/install/gazebo_cable_env/share/gazebo_cable_env/urdf/world.urdf.xacro\n'}
[0.395935] (gazebo_cable_env) StdoutLine: {'line': b'-- Installing: /home/raghav/workspace/intrinsic_challenge/install/gazebo_cable_env/share/gazebo_cable_env/meshes\n'}
[0.396047] (gazebo_cable_env) StdoutLine: {'line': b'-- Installing: /home/raghav/workspace/intrinsic_challenge/install/gazebo_cable_env/share/gazebo_cable_env/worlds\n'}
[0.396082] (gazebo_cable_env) StdoutLine: {'line': b'-- Installing: /home/raghav/workspace/intrinsic_challenge/install/gazebo_cable_env/share/gazebo_cable_env/worlds/cable_insertion.world\n'}
[0.396118] (gazebo_cable_env) StdoutLine: {'line': b'-- Installing: /home/raghav/workspace/intrinsic_challenge/install/gazebo_cable_env/share/gazebo_cable_env/worlds/cable_insertion.sdf\n'}
[0.396144] (gazebo_cable_env) StdoutLine: {'line': b'-- Installing: /home/raghav/workspace/intrinsic_challenge/install/gazebo_cable_env/share/gazebo_cable_env/launch\n'}
[0.396173] (gazebo_cable_env) StdoutLine: {'line': b'-- Installing: /home/raghav/workspace/intrinsic_challenge/install/gazebo_cable_env/share/gazebo_cable_env/launch/simulation.launch.py\n'}
[0.396206] (gazebo_cable_env) StdoutLine: {'line': b'-- Installing: /home/raghav/workspace/intrinsic_challenge/install/gazebo_cable_env/share/gazebo_cable_env/config\n'}
[0.396234] (gazebo_cable_env) StdoutLine: {'line': b'-- Installing: /home/raghav/workspace/intrinsic_challenge/install/gazebo_cable_env/share/gazebo_cable_env/config/controllers.yaml\n'}
[0.396255] (gazebo_cable_env) StdoutLine: {'line': b'-- Installing: /home/raghav/workspace/intrinsic_challenge/install/gazebo_cable_env/share/gazebo_cable_env/scripts\n'}
[0.396280] (gazebo_cable_env) StdoutLine: {'line': b'-- Installing: /home/raghav/workspace/intrinsic_challenge/install/gazebo_cable_env/share/gazebo_cable_env/scripts/test_simulation.py\n'}
[0.396417] (gazebo_cable_env) StdoutLine: {'line': b'-- Installing: /home/raghav/workspace/intrinsic_challenge/install/gazebo_cable_env/share/ament_index/resource_index/package_run_dependencies/gazebo_cable_env\n'}
[0.396529] (gazebo_cable_env) StdoutLine: {'line': b'-- Installing: /home/raghav/workspace/intrinsic_challenge/install/gazebo_cable_env/share/ament_index/resource_index/parent_prefix_path/gazebo_cable_env\n'}
[0.396570] (gazebo_cable_env) StdoutLine: {'line': b'-- Installing: /home/raghav/workspace/intrinsic_challenge/install/gazebo_cable_env/share/gazebo_cable_env/environment/ament_prefix_path.sh\n'}
[0.396635] (gazebo_cable_env) StdoutLine: {'line': b'-- Installing: /home/raghav/workspace/intrinsic_challenge/install/gazebo_cable_env/share/gazebo_cable_env/environment/ament_prefix_path.dsv\n'}
[0.396667] (gazebo_cable_env) StdoutLine: {'line': b'-- Installing: /home/raghav/workspace/intrinsic_challenge/install/gazebo_cable_env/share/gazebo_cable_env/environment/path.sh\n'}
[0.396760] (gazebo_cable_env) StdoutLine: {'line': b'-- Installing: /home/raghav/workspace/intrinsic_challenge/install/gazebo_cable_env/share/gazebo_cable_env/environment/path.dsv\n'}
[0.396795] (gazebo_cable_env) StdoutLine: {'line': b'-- Installing: /home/raghav/workspace/intrinsic_challenge/install/gazebo_cable_env/share/gazebo_cable_env/local_setup.bash\n'}
[0.396818] (gazebo_cable_env) StdoutLine: {'line': b'-- Installing: /home/raghav/workspace/intrinsic_challenge/install/gazebo_cable_env/share/gazebo_cable_env/local_setup.sh\n'}
[0.396838] (gazebo_cable_env) StdoutLine: {'line': b'-- Installing: /home/raghav/workspace/intrinsic_challenge/install/gazebo_cable_env/share/gazebo_cable_env/local_setup.zsh\n'}
[0.396857] (gazebo_cable_env) StdoutLine: {'line': b'-- Installing: /home/raghav/workspace/intrinsic_challenge/install/gazebo_cable_env/share/gazebo_cable_env/local_setup.dsv\n'}
[0.396883] (gazebo_cable_env) StdoutLine: {'line': b'-- Installing: /home/raghav/workspace/intrinsic_challenge/install/gazebo_cable_env/share/gazebo_cable_env/package.dsv\n'}
[0.396901] (gazebo_cable_env) StdoutLine: {'line': b'-- Installing: /home/raghav/workspace/intrinsic_challenge/install/gazebo_cable_env/share/ament_index/resource_index/packages/gazebo_cable_env\n'}
[0.396920] (gazebo_cable_env) StdoutLine: {'line': b'-- Installing: /home/raghav/workspace/intrinsic_challenge/install/gazebo_cable_env/share/gazebo_cable_env/cmake/gazebo_cable_envConfig.cmake\n'}
[0.396940] (gazebo_cable_env) StdoutLine: {'line': b'-- Installing: /home/raghav/workspace/intrinsic_challenge/install/gazebo_cable_env/share/gazebo_cable_env/cmake/gazebo_cable_envConfig-version.cmake\n'}
[0.396958] (gazebo_cable_env) StdoutLine: {'line': b'-- Installing: /home/raghav/workspace/intrinsic_challenge/install/gazebo_cable_env/share/gazebo_cable_env/package.xml\n'}
[0.397664] (gazebo_cable_env) CommandEnded: {'returncode': 0}
[0.398612] (robotiq_hande_description) StdoutLine: {'line': b'-- Installing: /home/raghav/workspace/intrinsic_challenge/install/robotiq_hande_description/share/robotiq_hande_description/meshes/hande.dae\n'}
[0.400286] (-) TimerEvent: {}
[0.400657] (robotiq_hande_description) StdoutLine: {'line': b'-- Installing: /home/raghav/workspace/intrinsic_challenge/install/robotiq_hande_description/share/robotiq_hande_description/meshes/finger.dae\n'}
[0.400726] (robotiq_hande_description) StdoutLine: {'line': b'-- Installing: /home/raghav/workspace/intrinsic_challenge/install/robotiq_hande_description/share/robotiq_hande_description/meshes/finger_collision.dae\n'}
[0.400757] (robotiq_hande_description) StdoutLine: {'line': b'-- Installing: /home/raghav/workspace/intrinsic_challenge/install/robotiq_hande_description/share/robotiq_hande_description/rviz\n'}
[0.400782] (robotiq_hande_description) StdoutLine: {'line': b'-- Installing: /home/raghav/workspace/intrinsic_challenge/install/robotiq_hande_description/share/robotiq_hande_description/rviz/urdf.rviz\n'}
[0.400805] (robotiq_hande_description) StdoutLine: {'line': b'-- Installing: /home/raghav/workspace/intrinsic_challenge/install/robotiq_hande_description/share/robotiq_hande_description/urdf\n'}
[0.400827] (robotiq_hande_description) StdoutLine: {'line': b'-- Installing: /home/raghav/workspace/intrinsic_challenge/install/robotiq_hande_description/share/robotiq_hande_description/urdf/robotiq_hande_gripper.xacro\n'}
[0.400870] (robotiq_hande_description) StdoutLine: {'line': b'-- Installing: /home/raghav/workspace/intrinsic_challenge/install/robotiq_hande_description/share/robotiq_hande_description/urdf/robotiq_hande_gripper.ros2_control.xacro\n'}
[0.400909] (robotiq_hande_description) StdoutLine: {'line': b'-- Installing: /home/raghav/workspace/intrinsic_challenge/install/robotiq_hande_description/share/robotiq_hande_description/urdf/robotiq_hande_gripper.urdf.xacro\n'}
[0.400932] (robotiq_hande_description) StdoutLine: {'line': b'-- Installing: /home/raghav/workspace/intrinsic_challenge/install/robotiq_hande_description/share/robotiq_hande_description/urdf/cylinder_inertial.xacro\n'}
[0.400955] (robotiq_hande_description) StdoutLine: {'line': b'-- Installing: /home/raghav/workspace/intrinsic_challenge/install/robotiq_hande_description/share/ament_index/resource_index/package_run_dependencies/robotiq_hande_description\n'}
[0.401026] (robotiq_hande_description) StdoutLine: {'line': b'-- Installing: /home/raghav/workspace/intrinsic_challenge/install/robotiq_hande_description/share/ament_index/resource_index/parent_prefix_path/robotiq_hande_description\n'}
[0.401050] (robotiq_hande_description) StdoutLine: {'line': b'-- Installing: /home/raghav/workspace/intrinsic_challenge/install/robotiq_hande_description/share/robotiq_hande_description/environment/ament_prefix_path.sh\n'}
[0.401074] (robotiq_hande_description) StdoutLine: {'line': b'-- Installing: /home/raghav/workspace/intrinsic_challenge/install/robotiq_hande_description/share/robotiq_hande_description/environment/ament_prefix_path.dsv\n'}
[0.401096] (robotiq_hande_description) StdoutLine: {'line': b'-- Installing: /home/raghav/workspace/intrinsic_challenge/install/robotiq_hande_description/share/robotiq_hande_description/environment/path.sh\n'}
[0.401136] (robotiq_hande_description) StdoutLine: {'line': b'-- Installing: /home/raghav/workspace/intrinsic_challenge/install/robotiq_hande_description/share/robotiq_hande_description/environment/path.dsv\n'}
[0.401236] (robotiq_hande_description) StdoutLine: {'line': b'-- Installing: /home/raghav/workspace/intrinsic_challenge/install/robotiq_hande_description/share/robotiq_hande_description/local_setup.bash\n'}
[0.401320] (robotiq_hande_description) StdoutLine: {'line': b'-- Installing: /home/raghav/workspace/intrinsic_challenge/install/robotiq_hande_description/share/robotiq_hande_description/local_setup.sh\n'}
[0.401430] (robotiq_hande_description) StdoutLine: {'line': b'-- Installing: /home/raghav/workspace/intrinsic_challenge/install/robotiq_hande_description/share/robotiq_hande_description/local_setup.zsh\n'}
[0.401450] (robotiq_hande_description) StdoutLine: {'line': b'-- Installing: /home/raghav/workspace/intrinsic_challenge/install/robotiq_hande_description/share/robotiq_hande_description/local_setup.dsv\n'}
[0.401470] (robotiq_hande_description) StdoutLine: {'line': b'-- Installing: /home/raghav/workspace/intrinsic_challenge/install/robotiq_hande_description/share/robotiq_hande_description/package.dsv\n'}
[0.401490] (robotiq_hande_description) StdoutLine: {'line': b'-- Installing: /home/raghav/workspace/intrinsic_challenge/install/robotiq_hande_description/share/ament_index/resource_index/packages/robotiq_hande_description\n'}
[0.401509] (robotiq_hande_description) StdoutLine: {'line': b'-- Installing: /home/raghav/workspace/intrinsic_challenge/install/robotiq_hande_description/share/robotiq_hande_description/cmake/robotiq_hande_descriptionConfig.cmake\n'}
[0.401530] (robotiq_hande_description) StdoutLine: {'line': b'-- Installing: /home/raghav/workspace/intrinsic_challenge/install/robotiq_hande_description/share/robotiq_hande_description/cmake/robotiq_hande_descriptionConfig-version.cmake\n'}
[0.401550] (robotiq_hande_description) StdoutLine: {'line': b'-- Installing: /home/raghav/workspace/intrinsic_challenge/install/robotiq_hande_description/share/robotiq_hande_description/package.xml\n'}
[0.406124] (gazebo_cable_env) JobEnded: {'identifier': 'gazebo_cable_env', 'rc': 0}
[0.406720] (robotiq_hande_description) CommandEnded: {'returncode': 0}
[0.412658] (robotiq_hande_description) JobEnded: {'identifier': 'robotiq_hande_description', 'rc': 0}
[0.413022] (-) EventReactorShutdown: {}
