[0.045s] DEBUG:colcon:Command line arguments: ['/usr/bin/colcon', 'build', '--packages-select', 'robotiq_hande_description', 'gazebo_cable_env']
[0.046s] DEBUG:colcon:Parsed command line arguments: Namespace(log_base=None, log_level=None, verb_name='build', build_base='build', install_base='install', merge_install=False, symlink_install=False, test_result_base=None, continue_on_error=False, executor='parallel', parallel_workers=32, event_handlers=None, ignore_user_meta=False, metas=['./colcon.meta'], base_paths=['.'], packages_ignore=None, packages_ignore_regex=None, paths=None, packages_up_to=None, packages_up_to_regex=None, packages_above=None, packages_above_and_dependencies=None, packages_above_depth=None, packages_select_by_dep=None, packages_skip_by_dep=None, packages_skip_up_to=None, packages_select_build_failed=False, packages_skip_build_finished=False, packages_select_test_failures=False, packages_skip_test_passed=False, packages_select=['robotiq_hande_description', 'gazebo_cable_env'], packages_skip=None, packages_select_regex=None, packages_skip_regex=None, packages_start=None, packages_end=None, allow_overriding=[], cmake_args=None, cmake_target=None, cmake_target_skip_unavailable=False, cmake_clean_cache=False, cmake_clean_first=False, cmake_force_configure=False, ament_cmake_args=None, catkin_cmake_args=None, catkin_skip_building_tests=False, verb_parser=<colcon_defaults.argument_parser.defaults.DefaultArgumentsDecorator object at 0x7c614af73f80>, verb_extension=<colcon_core.verb.build.BuildVerb object at 0x7c614af73d40>, main=<bound method BuildVerb.main of <colcon_core.verb.build.BuildVerb object at 0x7c614af73d40>>)
[0.063s] Level 1:colcon.colcon_core.package_discovery:discover_packages(colcon_meta) check parameters
[0.063s] Level 1:colcon.colcon_core.package_discovery:discover_packages(recursive) check parameters
[0.063s] Level 1:colcon.colcon_core.package_discovery:discover_packages(ignore) check parameters
[0.063s] Level 1:colcon.colcon_core.package_discovery:discover_packages(path) check parameters
[0.063s] Level 1:colcon.colcon_core.package_discovery:discover_packages(colcon_meta) discover
[0.063s] Level 1:colcon.colcon_core.package_discovery:discover_packages(recursive) discover
[0.063s] INFO:colcon.colcon_core.package_discovery:Crawling recursively for packages in '/home/raghav/workspace/intrinsic_challenge'
[0.063s] Level 1:colcon.colcon_core.package_identification:_identify(.) by extensions ['ignore', 'ignore_ament_install']
[0.063s] Level 1:colcon.colcon_core.package_identification:_identify(.) by extension 'ignore'
[0.063s] Level 1:colcon.colcon_core.package_identification:_identify(.) by extension 'ignore_ament_install'
[0.063s] Level 1:colcon.colcon_core.package_identification:_identify(.) by extensions ['colcon_pkg']
[0.063s] Level 1:colcon.colcon_core.package_identification:_identify(.) by extension 'colcon_pkg'
[0.063s] Level 1:colcon.colcon_core.package_identification:_identify(.) by extensions ['colcon_meta']
[0.063s] Level 1:colcon.colcon_core.package_identification:_identify(.) by extension 'colcon_meta'
[0.063s] Level 1:colcon.colcon_core.package_identification:_identify(.) by extensions ['ros']
[0.063s] Level 1:colcon.colcon_core.package_identification:_identify(.) by extension 'ros'
[0.075s] Level 1:colcon.colcon_core.package_identification:_identify(.) by extensions ['cmake', 'python']
[0.075s] Level 1:colcon.colcon_core.package_identification:_identify(.) by extension 'cmake'
[0.075s] Level 1:colcon.colcon_core.package_identification:_identify(.) by extension 'python'
[0.075s] Level 1:colcon.colcon_core.package_identification:_identify(.) by extensions ['python_setup_py']
[0.075s] Level 1:colcon.colcon_core.package_identification:_identify(.) by extension 'python_setup_py'
[0.075s] Level 1:colcon.colcon_core.package_identification:_identify(IsaacLab) by extensions ['ignore', 'ignore_ament_install']
[0.075s] Level 1:colcon.colcon_core.package_identification:_identify(IsaacLab) by extension 'ignore'
[0.075s] Level 1:colcon.colcon_core.package_identification:_identify(IsaacLab) ignored
[0.076s] Level 1:colcon.colcon_core.package_identification:_identify(build) by extensions ['ignore', 'ignore_ament_install']
[0.076s] Level 1:colcon.colcon_core.package_identification:_identify(build) by extension 'ignore'
[0.076s] Level 1:colcon.colcon_core.package_identification:_identify(build) ignored
[0.076s] Level 1:colcon.colcon_core.package_identification:_identify(dreamerv3) by extensions ['ignore', 'ignore_ament_install']
[0.076s] Level 1:colcon.colcon_core.package_identification:_identify(dreamerv3) by extension 'ignore'
[0.076s] Level 1:colcon.colcon_core.package_identification:_identify(dreamerv3) ignored
[0.076s] Level 1:colcon.colcon_core.package_identification:_identify(gazebo_cable_env) by extensions ['ignore', 'ignore_ament_install']
[0.076s] Level 1:colcon.colcon_core.package_identification:_identify(gazebo_cable_env) by extension 'ignore'
[0.076s] Level 1:colcon.colcon_core.package_identification:_identify(gazebo_cable_env) by extension 'ignore_ament_install'
[0.076s] Level 1:colcon.colcon_core.package_identification:_identify(gazebo_cable_env) by extensions ['colcon_pkg']
[0.076s] Level 1:colcon.colcon_core.package_identification:_identify(gazebo_cable_env) by extension 'colcon_pkg'
[0.076s] Level 1:colcon.colcon_core.package_identification:_identify(gazebo_cable_env) by extensions ['colcon_meta']
[0.076s] Level 1:colcon.colcon_core.package_identification:_identify(gazebo_cable_env) by extension 'colcon_meta'
[0.076s] Level 1:colcon.colcon_core.package_identification:_identify(gazebo_cable_env) by extensions ['ros']
[0.076s] Level 1:colcon.colcon_core.package_identification:_identify(gazebo_cable_env) by extension 'ros'
[0.077s] DEBUG:colcon.colcon_core.package_identification:Package 'gazebo_cable_env' with type 'ros.ament_cmake' and name 'gazebo_cable_env'
[0.077s] Level 1:colcon.colcon_core.package_identification:_identify(install) by extensions ['ignore', 'ignore_ament_install']
[0.077s] Level 1:colcon.colcon_core.package_identification:_identify(install) by extension 'ignore'
[0.077s] Level 1:colcon.colcon_core.package_identification:_identify(install) ignored
[0.077s] Level 1:colcon.colcon_core.package_identification:_identify(log) by extensions ['ignore', 'ignore_ament_install']
[0.077s] Level 1:colcon.colcon_core.package_identification:_identify(log) by extension 'ignore'
[0.077s] Level 1:colcon.colcon_core.package_identification:_identify(log) ignored
[0.077s] Level 1:colcon.colcon_core.package_identification:_identify(robotic_world_model) by extensions ['ignore', 'ignore_ament_install']
[0.077s] Level 1:colcon.colcon_core.package_identification:_identify(robotic_world_model) by extension 'ignore'
[0.077s] Level 1:colcon.colcon_core.package_identification:_identify(robotic_world_model) ignored
[0.077s] Level 1:colcon.colcon_core.package_identification:_identify(robotiq_hande_description) by extensions ['ignore', 'ignore_ament_install']
[0.077s] Level 1:colcon.colcon_core.package_identification:_identify(robotiq_hande_description) by extension 'ignore'
[0.077s] Level 1:colcon.colcon_core.package_identification:_identify(robotiq_hande_description) by extension 'ignore_ament_install'
[0.077s] Level 1:colcon.colcon_core.package_identification:_identify(robotiq_hande_description) by extensions ['colcon_pkg']
[0.077s] Level 1:colcon.colcon_core.package_identification:_identify(robotiq_hande_description) by extension 'colcon_pkg'
[0.077s] Level 1:colcon.colcon_core.package_identification:_identify(robotiq_hande_description) by extensions ['colcon_meta']
[0.077s] Level 1:colcon.colcon_core.package_identification:_identify(robotiq_hande_description) by extension 'colcon_meta'
[0.077s] Level 1:colcon.colcon_core.package_identification:_identify(robotiq_hande_description) by extensions ['ros']
[0.077s] Level 1:colcon.colcon_core.package_identification:_identify(robotiq_hande_description) by extension 'ros'
[0.078s] DEBUG:colcon.colcon_core.package_identification:Package 'robotiq_hande_description' with type 'ros.ament_cmake' and name 'robotiq_hande_description'
[0.078s] Level 1:colcon.colcon_core.package_identification:_identify(rsl_rl_rwm) by extensions ['ignore', 'ignore_ament_install']
[0.078s] Level 1:colcon.colcon_core.package_identification:_identify(rsl_rl_rwm) by extension 'ignore'
[0.078s] Level 1:colcon.colcon_core.package_identification:_identify(rsl_rl_rwm) ignored
[0.078s] Level 1:colcon.colcon_core.package_identification:_identify(rwm_ur5e) by extensions ['ignore', 'ignore_ament_install']
[0.078s] Level 1:colcon.colcon_core.package_identification:_identify(rwm_ur5e) by extension 'ignore'
[0.078s] Level 1:colcon.colcon_core.package_identification:_identify(rwm_ur5e) ignored
[0.078s] Level 1:colcon.colcon_core.package_identification:_identify(ur_description) by extensions ['ignore', 'ignore_ament_install']
[0.078s] Level 1:colcon.colcon_core.package_identification:_identify(ur_description) by extension 'ignore'
[0.078s] Level 1:colcon.colcon_core.package_identification:_identify(ur_description) ignored
[0.078s] Level 1:colcon.colcon_core.package_discovery:discover_packages(recursive) using defaults
[0.078s] Level 1:colcon.colcon_core.package_discovery:discover_packages(ignore) discover
[0.078s] Level 1:colcon.colcon_core.package_discovery:discover_packages(ignore) using defaults
[0.078s] Level 1:colcon.colcon_core.package_discovery:discover_packages(path) discover
[0.078s] Level 1:colcon.colcon_core.package_discovery:discover_packages(path) using defaults
[0.086s] Level 1:colcon.colcon_core.package_discovery:discover_packages(prefix_path) check parameters
[0.086s] Level 1:colcon.colcon_core.package_discovery:discover_packages(prefix_path) discover
[0.087s] DEBUG:colcon.colcon_installed_package_information.package_discovery:Found 350 installed packages in /opt/ros/jazzy
[0.087s] Level 1:colcon.colcon_core.package_discovery:discover_packages(prefix_path) using defaults
[0.105s] Level 5:colcon.colcon_core.verb:set package 'gazebo_cable_env' build argument 'cmake_args' from command line to 'None'
[0.105s] Level 5:colcon.colcon_core.verb:set package 'gazebo_cable_env' build argument 'cmake_target' from command line to 'None'
[0.105s] Level 5:colcon.colcon_core.verb:set package 'gazebo_cable_env' build argument 'cmake_target_skip_unavailable' from command line to 'False'
[0.105s] Level 5:colcon.colcon_core.verb:set package 'gazebo_cable_env' build argument 'cmake_clean_cache' from command line to 'False'
[0.105s] Level 5:colcon.colcon_core.verb:set package 'gazebo_cable_env' build argument 'cmake_clean_first' from command line to 'False'
[0.105s] Level 5:colcon.colcon_core.verb:set package 'gazebo_cable_env' build argument 'cmake_force_configure' from command line to 'False'
[0.106s] Level 5:colcon.colcon_core.verb:set package 'gazebo_cable_env' build argument 'ament_cmake_args' from command line to 'None'
[0.106s] Level 5:colcon.colcon_core.verb:set package 'gazebo_cable_env' build argument 'catkin_cmake_args' from command line to 'None'
[0.106s] Level 5:colcon.colcon_core.verb:set package 'gazebo_cable_env' build argument 'catkin_skip_building_tests' from command line to 'False'
[0.106s] DEBUG:colcon.colcon_core.verb:Building package 'gazebo_cable_env' with the following arguments: {'ament_cmake_args': None, 'build_base': '/home/raghav/workspace/intrinsic_challenge/build/gazebo_cable_env', 'catkin_cmake_args': None, 'catkin_skip_building_tests': False, 'cmake_args': None, 'cmake_clean_cache': False, 'cmake_clean_first': False, 'cmake_force_configure': False, 'cmake_target': None, 'cmake_target_skip_unavailable': False, 'install_base': '/home/raghav/workspace/intrinsic_challenge/install/gazebo_cable_env', 'merge_install': False, 'path': '/home/raghav/workspace/intrinsic_challenge/gazebo_cable_env', 'symlink_install': False, 'test_result_base': None}
[0.106s] Level 5:colcon.colcon_core.verb:set package 'robotiq_hande_description' build argument 'cmake_args' from command line to 'None'
[0.106s] Level 5:colcon.colcon_core.verb:set package 'robotiq_hande_description' build argument 'cmake_target' from command line to 'None'
[0.106s] Level 5:colcon.colcon_core.verb:set package 'robotiq_hande_description' build argument 'cmake_target_skip_unavailable' from command line to 'False'
[0.106s] Level 5:colcon.colcon_core.verb:set package 'robotiq_hande_description' build argument 'cmake_clean_cache' from command line to 'False'
[0.106s] Level 5:colcon.colcon_core.verb:set package 'robotiq_hande_description' build argument 'cmake_clean_first' from command line to 'False'
[0.106s] Level 5:colcon.colcon_core.verb:set package 'robotiq_hande_description' build argument 'cmake_force_configure' from command line to 'False'
[0.106s] Level 5:colcon.colcon_core.verb:set package 'robotiq_hande_description' build argument 'ament_cmake_args' from command line to 'None'
[0.106s] Level 5:colcon.colcon_core.verb:set package 'robotiq_hande_description' build argument 'catkin_cmake_args' from command line to 'None'
[0.106s] Level 5:colcon.colcon_core.verb:set package 'robotiq_hande_description' build argument 'catkin_skip_building_tests' from command line to 'False'
[0.106s] DEBUG:colcon.colcon_core.verb:Building package 'robotiq_hande_description' with the following arguments: {'ament_cmake_args': None, 'build_base': '/home/raghav/workspace/intrinsic_challenge/build/robotiq_hande_description', 'catkin_cmake_args': None, 'catkin_skip_building_tests': False, 'cmake_args': None, 'cmake_clean_cache': False, 'cmake_clean_first': False, 'cmake_force_configure': False, 'cmake_target': None, 'cmake_target_skip_unavailable': False, 'install_base': '/home/raghav/workspace/intrinsic_challenge/install/robotiq_hande_description', 'merge_install': False, 'path': '/home/raghav/workspace/intrinsic_challenge/robotiq_hande_description', 'symlink_install': False, 'test_result_base': None}
[0.106s] INFO:colcon.colcon_core.executor:Executing jobs using 'parallel' executor
[0.106s] DEBUG:colcon.colcon_parallel_executor.executor.parallel:run_until_complete
[0.106s] INFO:colcon.colcon_ros.task.ament_cmake.build:Building ROS package in '/home/raghav/workspace/intrinsic_challenge/gazebo_cable_env' with build type 'ament_cmake'
[0.106s] INFO:colcon.colcon_cmake.task.cmake.build:Building CMake package in '/home/raghav/workspace/intrinsic_challenge/gazebo_cable_env'
[0.107s] INFO:colcon.colcon_core.plugin_system:Skipping extension 'colcon_core.shell.bat': Not used on non-Windows systems
[0.107s] INFO:colcon.colcon_core.shell:Skip shell extension 'powershell' for command environment: Not usable outside of PowerShell
[0.107s] DEBUG:colcon.colcon_core.shell:Skip shell extension 'dsv' for command environment
[0.109s] INFO:colcon.colcon_ros.task.ament_cmake.build:Building ROS package in '/home/raghav/workspace/intrinsic_challenge/robotiq_hande_description' with build type 'ament_cmake'
[0.109s] INFO:colcon.colcon_cmake.task.cmake.build:Building CMake package in '/home/raghav/workspace/intrinsic_challenge/robotiq_hande_description'
[0.109s] INFO:colcon.colcon_core.shell:Skip shell extension 'powershell' for command environment: Not usable outside of PowerShell
[0.109s] DEBUG:colcon.colcon_core.shell:Skip shell extension 'dsv' for command environment
[0.111s] DEBUG:colcon.colcon_core.event_handler.log_command:Invoking command in '/home/raghav/workspace/intrinsic_challenge/build/gazebo_cable_env': CMAKE_PREFIX_PATH=${CMAKE_PREFIX_PATH}:/opt/ros/jazzy /usr/bin/cmake /home/raghav/workspace/intrinsic_challenge/gazebo_cable_env -DCMAKE_INSTALL_PREFIX=/home/raghav/workspace/intrinsic_challenge/install/gazebo_cable_env
[0.113s] DEBUG:colcon.colcon_core.event_handler.log_command:Invoking command in '/home/raghav/workspace/intrinsic_challenge/build/robotiq_hande_description': CMAKE_PREFIX_PATH=${CMAKE_PREFIX_PATH}:/opt/ros/jazzy /usr/bin/cmake /home/raghav/workspace/intrinsic_challenge/robotiq_hande_description -DCMAKE_INSTALL_PREFIX=/home/raghav/workspace/intrinsic_challenge/install/robotiq_hande_description
[0.467s] DEBUG:colcon.colcon_core.event_handler.log_command:Invoked command in '/home/raghav/workspace/intrinsic_challenge/build/gazebo_cable_env' returned '0': CMAKE_PREFIX_PATH=${CMAKE_PREFIX_PATH}:/opt/ros/jazzy /usr/bin/cmake /home/raghav/workspace/intrinsic_challenge/gazebo_cable_env -DCMAKE_INSTALL_PREFIX=/home/raghav/workspace/intrinsic_challenge/install/gazebo_cable_env
[0.468s] DEBUG:colcon.colcon_core.event_handler.log_command:Invoking command in '/home/raghav/workspace/intrinsic_challenge/build/gazebo_cable_env': CMAKE_PREFIX_PATH=${CMAKE_PREFIX_PATH}:/opt/ros/jazzy /usr/bin/cmake --build /home/raghav/workspace/intrinsic_challenge/build/gazebo_cable_env -- -j32 -l32
[0.468s] DEBUG:colcon.colcon_core.event_handler.log_command:Invoked command in '/home/raghav/workspace/intrinsic_challenge/build/robotiq_hande_description' returned '0': CMAKE_PREFIX_PATH=${CMAKE_PREFIX_PATH}:/opt/ros/jazzy /usr/bin/cmake /home/raghav/workspace/intrinsic_challenge/robotiq_hande_description -DCMAKE_INSTALL_PREFIX=/home/raghav/workspace/intrinsic_challenge/install/robotiq_hande_description
[0.469s] DEBUG:colcon.colcon_core.event_handler.log_command:Invoking command in '/home/raghav/workspace/intrinsic_challenge/build/robotiq_hande_description': CMAKE_PREFIX_PATH=${CMAKE_PREFIX_PATH}:/opt/ros/jazzy /usr/bin/cmake --build /home/raghav/workspace/intrinsic_challenge/build/robotiq_hande_description -- -j32 -l32
[0.490s] DEBUG:colcon.colcon_core.event_handler.log_command:Invoked command in '/home/raghav/workspace/intrinsic_challenge/build/robotiq_hande_description' returned '0': CMAKE_PREFIX_PATH=${CMAKE_PREFIX_PATH}:/opt/ros/jazzy /usr/bin/cmake --build /home/raghav/workspace/intrinsic_challenge/build/robotiq_hande_description -- -j32 -l32
[0.496s] DEBUG:colcon.colcon_core.event_handler.log_command:Invoking command in '/home/raghav/workspace/intrinsic_challenge/build/robotiq_hande_description': CMAKE_PREFIX_PATH=${CMAKE_PREFIX_PATH}:/opt/ros/jazzy /usr/bin/cmake --install /home/raghav/workspace/intrinsic_challenge/build/robotiq_hande_description
[0.497s] DEBUG:colcon.colcon_core.event_handler.log_command:Invoked command in '/home/raghav/workspace/intrinsic_challenge/build/gazebo_cable_env' returned '0': CMAKE_PREFIX_PATH=${CMAKE_PREFIX_PATH}:/opt/ros/jazzy /usr/bin/cmake --build /home/raghav/workspace/intrinsic_challenge/build/gazebo_cable_env -- -j32 -l32
[0.497s] DEBUG:colcon.colcon_core.event_handler.log_command:Invoking command in '/home/raghav/workspace/intrinsic_challenge/build/gazebo_cable_env': CMAKE_PREFIX_PATH=${CMAKE_PREFIX_PATH}:/opt/ros/jazzy /usr/bin/cmake --install /home/raghav/workspace/intrinsic_challenge/build/gazebo_cable_env
[0.504s] Level 1:colcon.colcon_core.environment:create_environment_scripts_only(gazebo_cable_env)
[0.504s] DEBUG:colcon.colcon_core.event_handler.log_command:Invoked command in '/home/raghav/workspace/intrinsic_challenge/build/gazebo_cable_env' returned '0': CMAKE_PREFIX_PATH=${CMAKE_PREFIX_PATH}:/opt/ros/jazzy /usr/bin/cmake --install /home/raghav/workspace/intrinsic_challenge/build/gazebo_cable_env
[0.506s] Level 1:colcon.colcon_core.environment:checking '/home/raghav/workspace/intrinsic_challenge/install/gazebo_cable_env' for CMake module files
[0.506s] Level 1:colcon.colcon_core.environment:checking '/home/raghav/workspace/intrinsic_challenge/install/gazebo_cable_env' for CMake config files
[0.506s] Level 1:colcon.colcon_core.shell:create_environment_hook('gazebo_cable_env', 'cmake_prefix_path')
[0.506s] INFO:colcon.colcon_core.shell:Creating environment hook '/home/raghav/workspace/intrinsic_challenge/install/gazebo_cable_env/share/gazebo_cable_env/hook/cmake_prefix_path.ps1'
[0.507s] INFO:colcon.colcon_core.shell:Creating environment descriptor '/home/raghav/workspace/intrinsic_challenge/install/gazebo_cable_env/share/gazebo_cable_env/hook/cmake_prefix_path.dsv'
[0.508s] INFO:colcon.colcon_core.shell:Creating environment hook '/home/raghav/workspace/intrinsic_challenge/install/gazebo_cable_env/share/gazebo_cable_env/hook/cmake_prefix_path.sh'
[0.508s] Level 1:colcon.colcon_core.environment:checking '/home/raghav/workspace/intrinsic_challenge/install/gazebo_cable_env/bin'
[0.508s] Level 1:colcon.colcon_core.environment:checking '/home/raghav/workspace/intrinsic_challenge/install/gazebo_cable_env/lib/pkgconfig/gazebo_cable_env.pc'
[0.508s] Level 1:colcon.colcon_core.environment:checking '/home/raghav/workspace/intrinsic_challenge/install/gazebo_cable_env/lib/python3.12/site-packages'
[0.509s] Level 1:colcon.colcon_core.environment:checking '/home/raghav/workspace/intrinsic_challenge/install/gazebo_cable_env/bin'
[0.509s] INFO:colcon.colcon_core.shell:Creating package script '/home/raghav/workspace/intrinsic_challenge/install/gazebo_cable_env/share/gazebo_cable_env/package.ps1'
[0.509s] INFO:colcon.colcon_core.shell:Creating package descriptor '/home/raghav/workspace/intrinsic_challenge/install/gazebo_cable_env/share/gazebo_cable_env/package.dsv'
[0.509s] INFO:colcon.colcon_core.shell:Creating package script '/home/raghav/workspace/intrinsic_challenge/install/gazebo_cable_env/share/gazebo_cable_env/package.sh'
[0.510s] INFO:colcon.colcon_core.shell:Creating package script '/home/raghav/workspace/intrinsic_challenge/install/gazebo_cable_env/share/gazebo_cable_env/package.bash'
[0.510s] INFO:colcon.colcon_core.shell:Creating package script '/home/raghav/workspace/intrinsic_challenge/install/gazebo_cable_env/share/gazebo_cable_env/package.zsh'
[0.510s] Level 1:colcon.colcon_core.environment:create_file_with_runtime_dependencies(/home/raghav/workspace/intrinsic_challenge/install/gazebo_cable_env/share/colcon-core/packages/gazebo_cable_env)
[0.510s] Level 1:colcon.colcon_core.environment:create_environment_scripts_only(gazebo_cable_env)
[0.510s] Level 1:colcon.colcon_core.environment:checking '/home/raghav/workspace/intrinsic_challenge/install/gazebo_cable_env' for CMake module files
[0.511s] Level 1:colcon.colcon_core.environment:checking '/home/raghav/workspace/intrinsic_challenge/install/gazebo_cable_env' for CMake config files
[0.511s] Level 1:colcon.colcon_core.shell:create_environment_hook('gazebo_cable_env', 'cmake_prefix_path')
[0.511s] INFO:colcon.colcon_core.shell:Creating environment hook '/home/raghav/workspace/intrinsic_challenge/install/gazebo_cable_env/share/gazebo_cable_env/hook/cmake_prefix_path.ps1'
[0.511s] INFO:colcon.colcon_core.shell:Creating environment descriptor '/home/raghav/workspace/intrinsic_challenge/install/gazebo_cable_env/share/gazebo_cable_env/hook/cmake_prefix_path.dsv'
[0.511s] INFO:colcon.colcon_core.shell:Creating environment hook '/home/raghav/workspace/intrinsic_challenge/install/gazebo_cable_env/share/gazebo_cable_env/hook/cmake_prefix_path.sh'
[0.511s] Level 1:colcon.colcon_core.environment:checking '/home/raghav/workspace/intrinsic_challenge/install/gazebo_cable_env/bin'
[0.511s] Level 1:colcon.colcon_core.environment:checking '/home/raghav/workspace/intrinsic_challenge/install/gazebo_cable_env/lib/pkgconfig/gazebo_cable_env.pc'
[0.511s] Level 1:colcon.colcon_core.environment:checking '/home/raghav/workspace/intrinsic_challenge/install/gazebo_cable_env/lib/python3.12/site-packages'
[0.511s] Level 1:colcon.colcon_core.environment:checking '/home/raghav/workspace/intrinsic_challenge/install/gazebo_cable_env/bin'
[0.512s] INFO:colcon.colcon_core.shell:Creating package script '/home/raghav/workspace/intrinsic_challenge/install/gazebo_cable_env/share/gazebo_cable_env/package.ps1'
[0.512s] INFO:colcon.colcon_core.shell:Creating package descriptor '/home/raghav/workspace/intrinsic_challenge/install/gazebo_cable_env/share/gazebo_cable_env/package.dsv'
[0.512s] INFO:colcon.colcon_core.shell:Creating package script '/home/raghav/workspace/intrinsic_challenge/install/gazebo_cable_env/share/gazebo_cable_env/package.sh'
[0.512s] INFO:colcon.colcon_core.shell:Creating package script '/home/raghav/workspace/intrinsic_challenge/install/gazebo_cable_env/share/gazebo_cable_env/package.bash'
[0.512s] INFO:colcon.colcon_core.shell:Creating package script '/home/raghav/workspace/intrinsic_challenge/install/gazebo_cable_env/share/gazebo_cable_env/package.zsh'
[0.512s] Level 1:colcon.colcon_core.environment:create_file_with_runtime_dependencies(/home/raghav/workspace/intrinsic_challenge/install/gazebo_cable_env/share/colcon-core/packages/gazebo_cable_env)
[0.513s] Level 1:colcon.colcon_core.environment:create_environment_scripts_only(robotiq_hande_description)
[0.513s] DEBUG:colcon.colcon_core.event_handler.log_command:Invoked command in '/home/raghav/workspace/intrinsic_challenge/build/robotiq_hande_description' returned '0': CMAKE_PREFIX_PATH=${CMAKE_PREFIX_PATH}:/opt/ros/jazzy /usr/bin/cmake --install /home/raghav/workspace/intrinsic_challenge/build/robotiq_hande_description
[0.513s] Level 1:colcon.colcon_core.environment:checking '/home/raghav/workspace/intrinsic_challenge/install/robotiq_hande_description' for CMake module files
[0.513s] Level 1:colcon.colcon_core.environment:checking '/home/raghav/workspace/intrinsic_challenge/install/robotiq_hande_description' for CMake config files
[0.514s] Level 1:colcon.colcon_core.shell:create_environment_hook('robotiq_hande_description', 'cmake_prefix_path')
[0.514s] INFO:colcon.colcon_core.shell:Creating environment hook '/home/raghav/workspace/intrinsic_challenge/install/robotiq_hande_description/share/robotiq_hande_description/hook/cmake_prefix_path.ps1'
[0.514s] INFO:colcon.colcon_core.shell:Creating environment descriptor '/home/raghav/workspace/intrinsic_challenge/install/robotiq_hande_description/share/robotiq_hande_description/hook/cmake_prefix_path.dsv'
[0.514s] INFO:colcon.colcon_core.shell:Creating environment hook '/home/raghav/workspace/intrinsic_challenge/install/robotiq_hande_description/share/robotiq_hande_description/hook/cmake_prefix_path.sh'
[0.514s] Level 1:colcon.colcon_core.environment:checking '/home/raghav/workspace/intrinsic_challenge/install/robotiq_hande_description/bin'
[0.514s] Level 1:colcon.colcon_core.environment:checking '/home/raghav/workspace/intrinsic_challenge/install/robotiq_hande_description/lib/pkgconfig/robotiq_hande_description.pc'
[0.515s] Level 1:colcon.colcon_core.environment:checking '/home/raghav/workspace/intrinsic_challenge/install/robotiq_hande_description/lib/python3.12/site-packages'
[0.515s] Level 1:colcon.colcon_core.environment:checking '/home/raghav/workspace/intrinsic_challenge/install/robotiq_hande_description/bin'
[0.515s] INFO:colcon.colcon_core.shell:Creating package script '/home/raghav/workspace/intrinsic_challenge/install/robotiq_hande_description/share/robotiq_hande_description/package.ps1'
[0.515s] INFO:colcon.colcon_core.shell:Creating package descriptor '/home/raghav/workspace/intrinsic_challenge/install/robotiq_hande_description/share/robotiq_hande_description/package.dsv'
[0.515s] INFO:colcon.colcon_core.shell:Creating package script '/home/raghav/workspace/intrinsic_challenge/install/robotiq_hande_description/share/robotiq_hande_description/package.sh'
[0.515s] INFO:colcon.colcon_core.shell:Creating package script '/home/raghav/workspace/intrinsic_challenge/install/robotiq_hande_description/share/robotiq_hande_description/package.bash'
[0.516s] INFO:colcon.colcon_core.shell:Creating package script '/home/raghav/workspace/intrinsic_challenge/install/robotiq_hande_description/share/robotiq_hande_description/package.zsh'
[0.516s] Level 1:colcon.colcon_core.environment:create_file_with_runtime_dependencies(/home/raghav/workspace/intrinsic_challenge/install/robotiq_hande_description/share/colcon-core/packages/robotiq_hande_description)
[0.516s] Level 1:colcon.colcon_core.environment:create_environment_scripts_only(robotiq_hande_description)
[0.516s] Level 1:colcon.colcon_core.environment:checking '/home/raghav/workspace/intrinsic_challenge/install/robotiq_hande_description' for CMake module files
[0.516s] Level 1:colcon.colcon_core.environment:checking '/home/raghav/workspace/intrinsic_challenge/install/robotiq_hande_description' for CMake config files
[0.516s] Level 1:colcon.colcon_core.shell:create_environment_hook('robotiq_hande_description', 'cmake_prefix_path')
[0.516s] INFO:colcon.colcon_core.shell:Creating environment hook '/home/raghav/workspace/intrinsic_challenge/install/robotiq_hande_description/share/robotiq_hande_description/hook/cmake_prefix_path.ps1'
[0.517s] INFO:colcon.colcon_core.shell:Creating environment descriptor '/home/raghav/workspace/intrinsic_challenge/install/robotiq_hande_description/share/robotiq_hande_description/hook/cmake_prefix_path.dsv'
[0.517s] INFO:colcon.colcon_core.shell:Creating environment hook '/home/raghav/workspace/intrinsic_challenge/install/robotiq_hande_description/share/robotiq_hande_description/hook/cmake_prefix_path.sh'
[0.517s] Level 1:colcon.colcon_core.environment:checking '/home/raghav/workspace/intrinsic_challenge/install/robotiq_hande_description/bin'
[0.517s] Level 1:colcon.colcon_core.environment:checking '/home/raghav/workspace/intrinsic_challenge/install/robotiq_hande_description/lib/pkgconfig/robotiq_hande_description.pc'
[0.518s] Level 1:colcon.colcon_core.environment:checking '/home/raghav/workspace/intrinsic_challenge/install/robotiq_hande_description/lib/python3.12/site-packages'
[0.518s] Level 1:colcon.colcon_core.environment:checking '/home/raghav/workspace/intrinsic_challenge/install/robotiq_hande_description/bin'
[0.518s] INFO:colcon.colcon_core.shell:Creating package script '/home/raghav/workspace/intrinsic_challenge/install/robotiq_hande_description/share/robotiq_hande_description/package.ps1'
[0.518s] INFO:colcon.colcon_core.shell:Creating package descriptor '/home/raghav/workspace/intrinsic_challenge/install/robotiq_hande_description/share/robotiq_hande_description/package.dsv'
[0.518s] INFO:colcon.colcon_core.shell:Creating package script '/home/raghav/workspace/intrinsic_challenge/install/robotiq_hande_description/share/robotiq_hande_description/package.sh'
[0.518s] INFO:colcon.colcon_core.shell:Creating package script '/home/raghav/workspace/intrinsic_challenge/install/robotiq_hande_description/share/robotiq_hande_description/package.bash'
[0.519s] INFO:colcon.colcon_core.shell:Creating package script '/home/raghav/workspace/intrinsic_challenge/install/robotiq_hande_description/share/robotiq_hande_description/package.zsh'
[0.519s] Level 1:colcon.colcon_core.environment:create_file_with_runtime_dependencies(/home/raghav/workspace/intrinsic_challenge/install/robotiq_hande_description/share/colcon-core/packages/robotiq_hande_description)
[0.519s] DEBUG:colcon.colcon_parallel_executor.executor.parallel:closing loop
[0.519s] DEBUG:colcon.colcon_parallel_executor.executor.parallel:loop closed
[0.519s] DEBUG:colcon.colcon_parallel_executor.executor.parallel:run_until_complete finished with '0'
[0.519s] DEBUG:colcon.colcon_core.event_reactor:joining thread
[0.522s] INFO:colcon.colcon_core.plugin_system:Skipping extension 'colcon_notification.desktop_notification.terminal_notifier': Not used on non-Darwin systems
[0.522s] INFO:colcon.colcon_core.plugin_system:Skipping extension 'colcon_notification.desktop_notification.win32': Not used on non-Windows systems
[0.522s] INFO:colcon.colcon_notification.desktop_notification:Sending desktop notification using 'notify2'
[0.522s] DEBUG:colcon.colcon_notification.desktop_notification.notify2:Failed to initialize notify2: org.freedesktop.DBus.Error.NotSupported: Unable to autolaunch a dbus-daemon without a $DISPLAY for X11
[0.522s] DEBUG:colcon.colcon_core.event_reactor:joined thread
[0.522s] INFO:colcon.colcon_core.shell:Creating prefix script '/home/raghav/workspace/intrinsic_challenge/install/local_setup.ps1'
[0.522s] INFO:colcon.colcon_core.shell:Creating prefix util module '/home/raghav/workspace/intrinsic_challenge/install/_local_setup_util_ps1.py'
[0.522s] INFO:colcon.colcon_core.shell:Creating prefix chain script '/home/raghav/workspace/intrinsic_challenge/install/setup.ps1'
[0.523s] INFO:colcon.colcon_core.shell:Creating prefix script '/home/raghav/workspace/intrinsic_challenge/install/local_setup.sh'
[0.523s] INFO:colcon.colcon_core.shell:Creating prefix util module '/home/raghav/workspace/intrinsic_challenge/install/_local_setup_util_sh.py'
[0.523s] INFO:colcon.colcon_core.shell:Creating prefix chain script '/home/raghav/workspace/intrinsic_challenge/install/setup.sh'
[0.523s] INFO:colcon.colcon_core.shell:Creating prefix script '/home/raghav/workspace/intrinsic_challenge/install/local_setup.bash'
[0.523s] INFO:colcon.colcon_core.shell:Creating prefix chain script '/home/raghav/workspace/intrinsic_challenge/install/setup.bash'
[0.524s] INFO:colcon.colcon_core.shell:Creating prefix script '/home/raghav/workspace/intrinsic_challenge/install/local_setup.zsh'
[0.524s] INFO:colcon.colcon_core.shell:Creating prefix chain script '/home/raghav/workspace/intrinsic_challenge/install/setup.zsh'
