[0.005s] Invoking command in '/home/raghav/workspace/intrinsic_challenge/build/gazebo_cable_env': CMAKE_PREFIX_PATH=${CMAKE_PREFIX_PATH}:/opt/ros/jazzy /usr/bin/cmake /home/raghav/workspace/intrinsic_challenge/gazebo_cable_env -DCMAKE_INSTALL_PREFIX=/home/raghav/workspace/intrinsic_challenge/install/gazebo_cable_env
[0.032s] -- The C compiler identification is GNU 14.2.0
[0.057s] -- The CXX compiler identification is GNU 14.2.0
[0.065s] -- Detecting C compiler ABI info
[0.108s] -- Detecting C compiler ABI info - done
[0.113s] -- Check for working C compiler: /usr/bin/cc - skipped
[0.113s] -- Detecting C compile features
[0.113s] -- Detecting C compile features - done
[0.118s] -- Detecting CXX compiler ABI info
[0.169s] -- Detecting CXX compiler ABI info - done
[0.174s] -- Check for working CXX compiler: /usr/bin/c++ - skipped
[0.174s] -- Detecting CXX compile features
[0.174s] -- Detecting CXX compile features - done
[0.176s] -- Found ament_cmake: 2.5.5 (/opt/ros/jazzy/share/ament_cmake/cmake)
[0.254s] -- Found Python3: /usr/bin/python3 (found version "3.12.3") found components: Interpreter 
[0.355s] -- Configuring done (0.3s)
[0.356s] -- Generating done (0.0s)
[0.357s] -- Build files have been written to: /home/raghav/workspace/intrinsic_challenge/build/gazebo_cable_env
[0.361s] Invoked command in '/home/raghav/workspace/intrinsic_challenge/build/gazebo_cable_env' returned '0': CMAKE_PREFIX_PATH=${CMAKE_PREFIX_PATH}:/opt/ros/jazzy /usr/bin/cmake /home/raghav/workspace/intrinsic_challenge/gazebo_cable_env -DCMAKE_INSTALL_PREFIX=/home/raghav/workspace/intrinsic_challenge/install/gazebo_cable_env
[0.361s] Invoking command in '/home/raghav/workspace/intrinsic_challenge/build/gazebo_cable_env': CMAKE_PREFIX_PATH=${CMAKE_PREFIX_PATH}:/opt/ros/jazzy /usr/bin/cmake --build /home/raghav/workspace/intrinsic_challenge/build/gazebo_cable_env -- -j32 -l32
[0.390s] Invoked command in '/home/raghav/workspace/intrinsic_challenge/build/gazebo_cable_env' returned '0': CMAKE_PREFIX_PATH=${CMAKE_PREFIX_PATH}:/opt/ros/jazzy /usr/bin/cmake --build /home/raghav/workspace/intrinsic_challenge/build/gazebo_cable_env -- -j32 -l32
[0.391s] Invoking command in '/home/raghav/workspace/intrinsic_challenge/build/gazebo_cable_env': CMAKE_PREFIX_PATH=${CMAKE_PREFIX_PATH}:/opt/ros/jazzy /usr/bin/cmake --install /home/raghav/workspace/intrinsic_challenge/build/gazebo_cable_env
[0.395s] -- Install configuration: ""
[0.395s] -- Installing: /home/raghav/workspace/intrinsic_challenge/install/gazebo_cable_env/share/gazebo_cable_env/urdf
[0.395s] -- Installing: /home/raghav/workspace/intrinsic_challenge/install/gazebo_cable_env/share/gazebo_cable_env/urdf/circuit_board.urdf.xacro
[0.395s] -- Installing: /home/raghav/workspace/intrinsic_challenge/install/gazebo_cable_env/share/gazebo_cable_env/urdf/cable.urdf.xacro
[0.395s] -- Installing: /home/raghav/workspace/intrinsic_challenge/install/gazebo_cable_env/share/gazebo_cable_env/urdf/robotiq_hande_sim.xacro
[0.395s] -- Installing: /home/raghav/workspace/intrinsic_challenge/install/gazebo_cable_env/share/gazebo_cable_env/urdf/ur5e_hande.urdf.xacro
[0.396s] -- Installing: /home/raghav/workspace/intrinsic_challenge/install/gazebo_cable_env/share/gazebo_cable_env/urdf/world.urdf.xacro
[0.396s] -- Installing: /home/raghav/workspace/intrinsic_challenge/install/gazebo_cable_env/share/gazebo_cable_env/meshes
[0.396s] -- Installing: /home/raghav/workspace/intrinsic_challenge/install/gazebo_cable_env/share/gazebo_cable_env/worlds
[0.396s] -- Installing: /home/raghav/workspace/intrinsic_challenge/install/gazebo_cable_env/share/gazebo_cable_env/worlds/cable_insertion.world
[0.396s] -- Installing: /home/raghav/workspace/intrinsic_challenge/install/gazebo_cable_env/share/gazebo_cable_env/worlds/cable_insertion.sdf
[0.396s] -- Installing: /home/raghav/workspace/intrinsic_challenge/install/gazebo_cable_env/share/gazebo_cable_env/launch
[0.396s] -- Installing: /home/raghav/workspace/intrinsic_challenge/install/gazebo_cable_env/share/gazebo_cable_env/launch/simulation.launch.py
[0.396s] -- Installing: /home/raghav/workspace/intrinsic_challenge/install/gazebo_cable_env/share/gazebo_cable_env/config
[0.396s] -- Installing: /home/raghav/workspace/intrinsic_challenge/install/gazebo_cable_env/share/gazebo_cable_env/config/controllers.yaml
[0.396s] -- Installing: /home/raghav/workspace/intrinsic_challenge/install/gazebo_cable_env/share/gazebo_cable_env/scripts
[0.396s] -- Installing: /home/raghav/workspace/intrinsic_challenge/install/gazebo_cable_env/share/gazebo_cable_env/scripts/test_simulation.py
[0.396s] -- Installing: /home/raghav/workspace/intrinsic_challenge/install/gazebo_cable_env/share/ament_index/resource_index/package_run_dependencies/gazebo_cable_env
[0.396s] -- Installing: /home/raghav/workspace/intrinsic_challenge/install/gazebo_cable_env/share/ament_index/resource_index/parent_prefix_path/gazebo_cable_env
[0.396s] -- Installing: /home/raghav/workspace/intrinsic_challenge/install/gazebo_cable_env/share/gazebo_cable_env/environment/ament_prefix_path.sh
[0.396s] -- Installing: /home/raghav/workspace/intrinsic_challenge/install/gazebo_cable_env/share/gazebo_cable_env/environment/ament_prefix_path.dsv
[0.396s] -- Installing: /home/raghav/workspace/intrinsic_challenge/install/gazebo_cable_env/share/gazebo_cable_env/environment/path.sh
[0.396s] -- Installing: /home/raghav/workspace/intrinsic_challenge/install/gazebo_cable_env/share/gazebo_cable_env/environment/path.dsv
[0.396s] -- Installing: /home/raghav/workspace/intrinsic_challenge/install/gazebo_cable_env/share/gazebo_cable_env/local_setup.bash
[0.396s] -- Installing: /home/raghav/workspace/intrinsic_challenge/install/gazebo_cable_env/share/gazebo_cable_env/local_setup.sh
[0.396s] -- Installing: /home/raghav/workspace/intrinsic_challenge/install/gazebo_cable_env/share/gazebo_cable_env/local_setup.zsh
[0.396s] -- Installing: /home/raghav/workspace/intrinsic_challenge/install/gazebo_cable_env/share/gazebo_cable_env/local_setup.dsv
[0.397s] -- Installing: /home/raghav/workspace/intrinsic_challenge/install/gazebo_cable_env/share/gazebo_cable_env/package.dsv
[0.397s] -- Installing: /home/raghav/workspace/intrinsic_challenge/install/gazebo_cable_env/share/ament_index/resource_index/packages/gazebo_cable_env
[0.397s] -- Installing: /home/raghav/workspace/intrinsic_challenge/install/gazebo_cable_env/share/gazebo_cable_env/cmake/gazebo_cable_envConfig.cmake
[0.397s] -- Installing: /home/raghav/workspace/intrinsic_challenge/install/gazebo_cable_env/share/gazebo_cable_env/cmake/gazebo_cable_envConfig-version.cmake
[0.397s] -- Installing: /home/raghav/workspace/intrinsic_challenge/install/gazebo_cable_env/share/gazebo_cable_env/package.xml
[0.397s] Invoked command in '/home/raghav/workspace/intrinsic_challenge/build/gazebo_cable_env' returned '0': CMAKE_PREFIX_PATH=${CMAKE_PREFIX_PATH}:/opt/ros/jazzy /usr/bin/cmake --install /home/raghav/workspace/intrinsic_challenge/build/gazebo_cable_env
