[0.005s] Invoking command in '/home/raghav/workspace/intrinsic_challenge/build/gazebo_cable_env': CMAKE_PREFIX_PATH=${CMAKE_PREFIX_PATH}:/opt/ros/jazzy CONDA_PROMPT_MODIFIER=(base) DEBUGINFOD_URLS=https://debuginfod.ubuntu.com /usr/bin/cmake --build /home/raghav/workspace/intrinsic_challenge/build/gazebo_cable_env -- -j32 -l32
[0.023s] Invoked command in '/home/raghav/workspace/intrinsic_challenge/build/gazebo_cable_env' returned '0': CMAKE_PREFIX_PATH=${CMAKE_PREFIX_PATH}:/opt/ros/jazzy CONDA_PROMPT_MODIFIER=(base) DEBUGINFOD_URLS=https://debuginfod.ubuntu.com /usr/bin/cmake --build /home/raghav/workspace/intrinsic_challenge/build/gazebo_cable_env -- -j32 -l32
[0.029s] Invoking command in '/home/raghav/workspace/intrinsic_challenge/build/gazebo_cable_env': CMAKE_PREFIX_PATH=${CMAKE_PREFIX_PATH}:/opt/ros/jazzy CONDA_PROMPT_MODIFIER=(base) DEBUGINFOD_URLS=https://debuginfod.ubuntu.com /usr/bin/cmake --install /home/raghav/workspace/intrinsic_challenge/build/gazebo_cable_env
[0.032s] -- Install configuration: ""
[0.032s] -- Execute custom install script
[0.032s] -- Up-to-date symlink: /home/raghav/workspace/intrinsic_challenge/install/gazebo_cable_env/share/gazebo_cable_env/urdf/cable.urdf.xacro
[0.032s] -- Up-to-date symlink: /home/raghav/workspace/intrinsic_challenge/install/gazebo_cable_env/share/gazebo_cable_env/urdf/circuit_board.urdf.xacro
[0.032s] -- Up-to-date symlink: /home/raghav/workspace/intrinsic_challenge/install/gazebo_cable_env/share/gazebo_cable_env/urdf/robotiq_hande_sim.xacro
[0.032s] -- Up-to-date symlink: /home/raghav/workspace/intrinsic_challenge/install/gazebo_cable_env/share/gazebo_cable_env/urdf/ur5e_hande.urdf.xacro
[0.032s] -- Up-to-date symlink: /home/raghav/workspace/intrinsic_challenge/install/gazebo_cable_env/share/gazebo_cable_env/urdf/world.urdf.xacro
[0.032s] -- Up-to-date symlink: /home/raghav/workspace/intrinsic_challenge/install/gazebo_cable_env/share/gazebo_cable_env/worlds/cable_insertion.sdf
[0.032s] -- Up-to-date symlink: /home/raghav/workspace/intrinsic_challenge/install/gazebo_cable_env/share/gazebo_cable_env/worlds/cable_insertion.world
[0.032s] -- Up-to-date symlink: /home/raghav/workspace/intrinsic_challenge/install/gazebo_cable_env/share/gazebo_cable_env/launch/simulation.launch.py
[0.032s] -- Up-to-date symlink: /home/raghav/workspace/intrinsic_challenge/install/gazebo_cable_env/share/gazebo_cable_env/config/controllers.yaml
[0.033s] -- Up-to-date symlink: /home/raghav/workspace/intrinsic_challenge/install/gazebo_cable_env/share/gazebo_cable_env/scripts/test_simulation.py
[0.033s] -- Up-to-date symlink: /home/raghav/workspace/intrinsic_challenge/install/gazebo_cable_env/share/ament_index/resource_index/package_run_dependencies/gazebo_cable_env
[0.033s] -- Up-to-date symlink: /home/raghav/workspace/intrinsic_challenge/install/gazebo_cable_env/share/ament_index/resource_index/parent_prefix_path/gazebo_cable_env
[0.033s] -- Up-to-date symlink: /home/raghav/workspace/intrinsic_challenge/install/gazebo_cable_env/share/gazebo_cable_env/environment/ament_prefix_path.sh
[0.033s] -- Up-to-date symlink: /home/raghav/workspace/intrinsic_challenge/install/gazebo_cable_env/share/gazebo_cable_env/environment/ament_prefix_path.dsv
[0.033s] -- Up-to-date symlink: /home/raghav/workspace/intrinsic_challenge/install/gazebo_cable_env/share/gazebo_cable_env/environment/path.sh
[0.033s] -- Up-to-date symlink: /home/raghav/workspace/intrinsic_challenge/install/gazebo_cable_env/share/gazebo_cable_env/environment/path.dsv
[0.033s] -- Up-to-date symlink: /home/raghav/workspace/intrinsic_challenge/install/gazebo_cable_env/share/gazebo_cable_env/local_setup.bash
[0.033s] -- Up-to-date symlink: /home/raghav/workspace/intrinsic_challenge/install/gazebo_cable_env/share/gazebo_cable_env/local_setup.sh
[0.033s] -- Up-to-date symlink: /home/raghav/workspace/intrinsic_challenge/install/gazebo_cable_env/share/gazebo_cable_env/local_setup.zsh
[0.033s] -- Up-to-date symlink: /home/raghav/workspace/intrinsic_challenge/install/gazebo_cable_env/share/gazebo_cable_env/local_setup.dsv
[0.033s] -- Symlinking: /home/raghav/workspace/intrinsic_challenge/install/gazebo_cable_env/share/gazebo_cable_env/package.dsv
[0.038s] -- Up-to-date symlink: /home/raghav/workspace/intrinsic_challenge/install/gazebo_cable_env/share/ament_index/resource_index/packages/gazebo_cable_env
[0.038s] -- Up-to-date symlink: /home/raghav/workspace/intrinsic_challenge/install/gazebo_cable_env/share/gazebo_cable_env/cmake/gazebo_cable_envConfig.cmake
[0.038s] -- Up-to-date symlink: /home/raghav/workspace/intrinsic_challenge/install/gazebo_cable_env/share/gazebo_cable_env/cmake/gazebo_cable_envConfig-version.cmake
[0.038s] -- Up-to-date symlink: /home/raghav/workspace/intrinsic_challenge/install/gazebo_cable_env/share/gazebo_cable_env/package.xml
[0.039s] Invoked command in '/home/raghav/workspace/intrinsic_challenge/build/gazebo_cable_env' returned '0': CMAKE_PREFIX_PATH=${CMAKE_PREFIX_PATH}:/opt/ros/jazzy CONDA_PROMPT_MODIFIER=(base) DEBUGINFOD_URLS=https://debuginfod.ubuntu.com /usr/bin/cmake --install /home/raghav/workspace/intrinsic_challenge/build/gazebo_cable_env
