-- Install configuration: ""
-- Execute custom install script
-- Up-to-date symlink: /home/raghav/workspace/intrinsic_challenge/install/gazebo_cable_env/share/gazebo_cable_env/urdf/cable.urdf.xacro
-- Up-to-date symlink: /home/raghav/workspace/intrinsic_challenge/install/gazebo_cable_env/share/gazebo_cable_env/urdf/circuit_board.urdf.xacro
-- Up-to-date symlink: /home/raghav/workspace/intrinsic_challenge/install/gazebo_cable_env/share/gazebo_cable_env/urdf/robotiq_hande_sim.xacro
-- Up-to-date symlink: /home/raghav/workspace/intrinsic_challenge/install/gazebo_cable_env/share/gazebo_cable_env/urdf/ur5e_hande.urdf.xacro
-- Up-to-date symlink: /home/raghav/workspace/intrinsic_challenge/install/gazebo_cable_env/share/gazebo_cable_env/urdf/world.urdf.xacro
-- Up-to-date symlink: /home/raghav/workspace/intrinsic_challenge/install/gazebo_cable_env/share/gazebo_cable_env/worlds/cable_insertion.sdf
-- Up-to-date symlink: /home/raghav/workspace/intrinsic_challenge/install/gazebo_cable_env/share/gazebo_cable_env/worlds/cable_insertion.world
-- Up-to-date symlink: /home/raghav/workspace/intrinsic_challenge/install/gazebo_cable_env/share/gazebo_cable_env/launch/simulation.launch.py
-- Up-to-date symlink: /home/raghav/workspace/intrinsic_challenge/install/gazebo_cable_env/share/gazebo_cable_env/config/controllers.yaml
-- Symlinking: /home/raghav/workspace/intrinsic_challenge/install/gazebo_cable_env/share/gazebo_cable_env/scripts/test_robot_movement.py
-- Up-to-date symlink: /home/raghav/workspace/intrinsic_challenge/install/gazebo_cable_env/share/gazebo_cable_env/scripts/test_simulation.py
-- Up-to-date symlink: /home/raghav/workspace/intrinsic_challenge/install/gazebo_cable_env/share/ament_index/resource_index/package_run_dependencies/gazebo_cable_env
-- Up-to-date symlink: /home/raghav/workspace/intrinsic_challenge/install/gazebo_cable_env/share/ament_index/resource_index/parent_prefix_path/gazebo_cable_env
-- Up-to-date symlink: /home/raghav/workspace/intrinsic_challenge/install/gazebo_cable_env/share/gazebo_cable_env/environment/ament_prefix_path.sh
-- Up-to-date symlink: /home/raghav/workspace/intrinsic_challenge/install/gazebo_cable_env/share/gazebo_cable_env/environment/ament_prefix_path.dsv
-- Up-to-date symlink: /home/raghav/workspace/intrinsic_challenge/install/gazebo_cable_env/share/gazebo_cable_env/environment/path.sh
-- Up-to-date symlink: /home/raghav/workspace/intrinsic_challenge/install/gazebo_cable_env/share/gazebo_cable_env/environment/path.dsv
-- Up-to-date symlink: /home/raghav/workspace/intrinsic_challenge/install/gazebo_cable_env/share/gazebo_cable_env/local_setup.bash
-- Up-to-date symlink: /home/raghav/workspace/intrinsic_challenge/install/gazebo_cable_env/share/gazebo_cable_env/local_setup.sh
-- Up-to-date symlink: /home/raghav/workspace/intrinsic_challenge/install/gazebo_cable_env/share/gazebo_cable_env/local_setup.zsh
-- Up-to-date symlink: /home/raghav/workspace/intrinsic_challenge/install/gazebo_cable_env/share/gazebo_cable_env/local_setup.dsv
-- Symlinking: /home/raghav/workspace/intrinsic_challenge/install/gazebo_cable_env/share/gazebo_cable_env/package.dsv
-- Up-to-date symlink: /home/raghav/workspace/intrinsic_challenge/install/gazebo_cable_env/share/ament_index/resource_index/packages/gazebo_cable_env
-- Up-to-date symlink: /home/raghav/workspace/intrinsic_challenge/install/gazebo_cable_env/share/gazebo_cable_env/cmake/gazebo_cable_envConfig.cmake
-- Up-to-date symlink: /home/raghav/workspace/intrinsic_challenge/install/gazebo_cable_env/share/gazebo_cable_env/cmake/gazebo_cable_envConfig-version.cmake
-- Up-to-date symlink: /home/raghav/workspace/intrinsic_challenge/install/gazebo_cable_env/share/gazebo_cable_env/package.xml
