-- The C compiler identification is GNU 14.2.0
-- The CXX compiler identification is GNU 14.2.0
-- Detecting C compiler ABI info
-- Detecting C compiler ABI info - done
-- Check for working C compiler: /usr/bin/cc - skipped
-- Detecting C compile features
-- Detecting C compile features - done
-- Detecting CXX compiler ABI info
-- Detecting CXX compiler ABI info - done
-- Check for working CXX compiler: /usr/bin/c++ - skipped
-- Detecting CXX compile features
-- Detecting CXX compile features - done
-- Found ament_cmake: 2.5.5 (/opt/ros/jazzy/share/ament_cmake/cmake)
-- Found Python3: /usr/bin/python3 (found version "3.12.3") found components: Interpreter 
-- Configuring done (0.3s)
-- Generating done (0.0s)
-- Build files have been written to: /home/raghav/workspace/intrinsic_challenge/build/robotiq_hande_description
-- Install configuration: ""
-- Installing: /home/raghav/workspace/intrinsic_challenge/install/robotiq_hande_description/share/robotiq_hande_description/launch
-- Installing: /home/raghav/workspace/intrinsic_challenge/install/robotiq_hande_description/share/robotiq_hande_description/launch/display.launch.py
-- Installing: /home/raghav/workspace/intrinsic_challenge/install/robotiq_hande_description/share/robotiq_hande_description/meshes
-- Installing: /home/raghav/workspace/intrinsic_challenge/install/robotiq_hande_description/share/robotiq_hande_description/meshes/io_coupler.dae
-- Installing: /home/raghav/workspace/intrinsic_challenge/install/robotiq_hande_description/share/robotiq_hande_description/meshes/hande.dae
-- Installing: /home/raghav/workspace/intrinsic_challenge/install/robotiq_hande_description/share/robotiq_hande_description/meshes/finger.dae
-- Installing: /home/raghav/workspace/intrinsic_challenge/install/robotiq_hande_description/share/robotiq_hande_description/meshes/finger_collision.dae
-- Installing: /home/raghav/workspace/intrinsic_challenge/install/robotiq_hande_description/share/robotiq_hande_description/rviz
-- Installing: /home/raghav/workspace/intrinsic_challenge/install/robotiq_hande_description/share/robotiq_hande_description/rviz/urdf.rviz
-- Installing: /home/raghav/workspace/intrinsic_challenge/install/robotiq_hande_description/share/robotiq_hande_description/urdf
-- Installing: /home/raghav/workspace/intrinsic_challenge/install/robotiq_hande_description/share/robotiq_hande_description/urdf/robotiq_hande_gripper.xacro
-- Installing: /home/raghav/workspace/intrinsic_challenge/install/robotiq_hande_description/share/robotiq_hande_description/urdf/robotiq_hande_gripper.ros2_control.xacro
-- Installing: /home/raghav/workspace/intrinsic_challenge/install/robotiq_hande_description/share/robotiq_hande_description/urdf/robotiq_hande_gripper.urdf.xacro
-- Installing: /home/raghav/workspace/intrinsic_challenge/install/robotiq_hande_description/share/robotiq_hande_description/urdf/cylinder_inertial.xacro
-- Installing: /home/raghav/workspace/intrinsic_challenge/install/robotiq_hande_description/share/ament_index/resource_index/package_run_dependencies/robotiq_hande_description
-- Installing: /home/raghav/workspace/intrinsic_challenge/install/robotiq_hande_description/share/ament_index/resource_index/parent_prefix_path/robotiq_hande_description
-- Installing: /home/raghav/workspace/intrinsic_challenge/install/robotiq_hande_description/share/robotiq_hande_description/environment/ament_prefix_path.sh
-- Installing: /home/raghav/workspace/intrinsic_challenge/install/robotiq_hande_description/share/robotiq_hande_description/environment/ament_prefix_path.dsv
-- Installing: /home/raghav/workspace/intrinsic_challenge/install/robotiq_hande_description/share/robotiq_hande_description/environment/path.sh
-- Installing: /home/raghav/workspace/intrinsic_challenge/install/robotiq_hande_description/share/robotiq_hande_description/environment/path.dsv
-- Installing: /home/raghav/workspace/intrinsic_challenge/install/robotiq_hande_description/share/robotiq_hande_description/local_setup.bash
-- Installing: /home/raghav/workspace/intrinsic_challenge/install/robotiq_hande_description/share/robotiq_hande_description/local_setup.sh
-- Installing: /home/raghav/workspace/intrinsic_challenge/install/robotiq_hande_description/share/robotiq_hande_description/local_setup.zsh
-- Installing: /home/raghav/workspace/intrinsic_challenge/install/robotiq_hande_description/share/robotiq_hande_description/local_setup.dsv
-- Installing: /home/raghav/workspace/intrinsic_challenge/install/robotiq_hande_description/share/robotiq_hande_description/package.dsv
-- Installing: /home/raghav/workspace/intrinsic_challenge/install/robotiq_hande_description/share/ament_index/resource_index/packages/robotiq_hande_description
-- Installing: /home/raghav/workspace/intrinsic_challenge/install/robotiq_hande_description/share/robotiq_hande_description/cmake/robotiq_hande_descriptionConfig.cmake
-- Installing: /home/raghav/workspace/intrinsic_challenge/install/robotiq_hande_description/share/robotiq_hande_description/cmake/robotiq_hande_descriptionConfig-version.cmake
-- Installing: /home/raghav/workspace/intrinsic_challenge/install/robotiq_hande_description/share/robotiq_hande_description/package.xml
