[0.004s] Invoking command in '/home/raghav/workspace/intrinsic_challenge/build/robotiq_hande_description': CMAKE_PREFIX_PATH=${CMAKE_PREFIX_PATH}:/opt/ros/jazzy /usr/bin/cmake /home/raghav/workspace/intrinsic_challenge/robotiq_hande_description -DCMAKE_INSTALL_PREFIX=/home/raghav/workspace/intrinsic_challenge/install/robotiq_hande_description
[0.031s] -- The C compiler identification is GNU 14.2.0
[0.056s] -- The CXX compiler identification is GNU 14.2.0
[0.064s] -- Detecting C compiler ABI info
[0.106s] -- Detecting C compiler ABI info - done
[0.111s] -- Check for working C compiler: /usr/bin/cc - skipped
[0.111s] -- Detecting C compile features
[0.111s] -- Detecting C compile features - done
[0.116s] -- Detecting CXX compiler ABI info
[0.167s] -- Detecting CXX compiler ABI info - done
[0.171s] -- Check for working CXX compiler: /usr/bin/c++ - skipped
[0.172s] -- Detecting CXX compile features
[0.172s] -- Detecting CXX compile features - done
[0.174s] -- Found ament_cmake: 2.5.5 (/opt/ros/jazzy/share/ament_cmake/cmake)
[0.252s] -- Found Python3: /usr/bin/python3 (found version "3.12.3") found components: Interpreter 
[0.354s] -- Configuring done (0.3s)
[0.355s] -- Generating done (0.0s)
[0.356s] -- Build files have been written to: /home/raghav/workspace/intrinsic_challenge/build/robotiq_hande_description
[0.360s] Invoked command in '/home/raghav/workspace/intrinsic_challenge/build/robotiq_hande_description' returned '0': CMAKE_PREFIX_PATH=${CMAKE_PREFIX_PATH}:/opt/ros/jazzy /usr/bin/cmake /home/raghav/workspace/intrinsic_challenge/robotiq_hande_description -DCMAKE_INSTALL_PREFIX=/home/raghav/workspace/intrinsic_challenge/install/robotiq_hande_description
[0.360s] Invoking command in '/home/raghav/workspace/intrinsic_challenge/build/robotiq_hande_description': CMAKE_PREFIX_PATH=${CMAKE_PREFIX_PATH}:/opt/ros/jazzy /usr/bin/cmake --build /home/raghav/workspace/intrinsic_challenge/build/robotiq_hande_description -- -j32 -l32
[0.382s] Invoked command in '/home/raghav/workspace/intrinsic_challenge/build/robotiq_hande_description' returned '0': CMAKE_PREFIX_PATH=${CMAKE_PREFIX_PATH}:/opt/ros/jazzy /usr/bin/cmake --build /home/raghav/workspace/intrinsic_challenge/build/robotiq_hande_description -- -j32 -l32
[0.388s] Invoking command in '/home/raghav/workspace/intrinsic_challenge/build/robotiq_hande_description': CMAKE_PREFIX_PATH=${CMAKE_PREFIX_PATH}:/opt/ros/jazzy /usr/bin/cmake --install /home/raghav/workspace/intrinsic_challenge/build/robotiq_hande_description
[0.393s] -- Install configuration: ""
[0.393s] -- Installing: /home/raghav/workspace/intrinsic_challenge/install/robotiq_hande_description/share/robotiq_hande_description/launch
[0.393s] -- Installing: /home/raghav/workspace/intrinsic_challenge/install/robotiq_hande_description/share/robotiq_hande_description/launch/display.launch.py
[0.393s] -- Installing: /home/raghav/workspace/intrinsic_challenge/install/robotiq_hande_description/share/robotiq_hande_description/meshes
[0.393s] -- Installing: /home/raghav/workspace/intrinsic_challenge/install/robotiq_hande_description/share/robotiq_hande_description/meshes/io_coupler.dae
[0.396s] -- Installing: /home/raghav/workspace/intrinsic_challenge/install/robotiq_hande_description/share/robotiq_hande_description/meshes/hande.dae
[0.398s] -- Installing: /home/raghav/workspace/intrinsic_challenge/install/robotiq_hande_description/share/robotiq_hande_description/meshes/finger.dae
[0.398s] -- Installing: /home/raghav/workspace/intrinsic_challenge/install/robotiq_hande_description/share/robotiq_hande_description/meshes/finger_collision.dae
[0.398s] -- Installing: /home/raghav/workspace/intrinsic_challenge/install/robotiq_hande_description/share/robotiq_hande_description/rviz
[0.398s] -- Installing: /home/raghav/workspace/intrinsic_challenge/install/robotiq_hande_description/share/robotiq_hande_description/rviz/urdf.rviz
[0.398s] -- Installing: /home/raghav/workspace/intrinsic_challenge/install/robotiq_hande_description/share/robotiq_hande_description/urdf
[0.398s] -- Installing: /home/raghav/workspace/intrinsic_challenge/install/robotiq_hande_description/share/robotiq_hande_description/urdf/robotiq_hande_gripper.xacro
[0.398s] -- Installing: /home/raghav/workspace/intrinsic_challenge/install/robotiq_hande_description/share/robotiq_hande_description/urdf/robotiq_hande_gripper.ros2_control.xacro
[0.398s] -- Installing: /home/raghav/workspace/intrinsic_challenge/install/robotiq_hande_description/share/robotiq_hande_description/urdf/robotiq_hande_gripper.urdf.xacro
[0.398s] -- Installing: /home/raghav/workspace/intrinsic_challenge/install/robotiq_hande_description/share/robotiq_hande_description/urdf/cylinder_inertial.xacro
[0.398s] -- Installing: /home/raghav/workspace/intrinsic_challenge/install/robotiq_hande_description/share/ament_index/resource_index/package_run_dependencies/robotiq_hande_description
[0.399s] -- Installing: /home/raghav/workspace/intrinsic_challenge/install/robotiq_hande_description/share/ament_index/resource_index/parent_prefix_path/robotiq_hande_description
[0.399s] -- Installing: /home/raghav/workspace/intrinsic_challenge/install/robotiq_hande_description/share/robotiq_hande_description/environment/ament_prefix_path.sh
[0.399s] -- Installing: /home/raghav/workspace/intrinsic_challenge/install/robotiq_hande_description/share/robotiq_hande_description/environment/ament_prefix_path.dsv
[0.399s] -- Installing: /home/raghav/workspace/intrinsic_challenge/install/robotiq_hande_description/share/robotiq_hande_description/environment/path.sh
[0.399s] -- Installing: /home/raghav/workspace/intrinsic_challenge/install/robotiq_hande_description/share/robotiq_hande_description/environment/path.dsv
[0.399s] -- Installing: /home/raghav/workspace/intrinsic_challenge/install/robotiq_hande_description/share/robotiq_hande_description/local_setup.bash
[0.399s] -- Installing: /home/raghav/workspace/intrinsic_challenge/install/robotiq_hande_description/share/robotiq_hande_description/local_setup.sh
[0.399s] -- Installing: /home/raghav/workspace/intrinsic_challenge/install/robotiq_hande_description/share/robotiq_hande_description/local_setup.zsh
[0.399s] -- Installing: /home/raghav/workspace/intrinsic_challenge/install/robotiq_hande_description/share/robotiq_hande_description/local_setup.dsv
[0.399s] -- Installing: /home/raghav/workspace/intrinsic_challenge/install/robotiq_hande_description/share/robotiq_hande_description/package.dsv
[0.399s] -- Installing: /home/raghav/workspace/intrinsic_challenge/install/robotiq_hande_description/share/ament_index/resource_index/packages/robotiq_hande_description
[0.399s] -- Installing: /home/raghav/workspace/intrinsic_challenge/install/robotiq_hande_description/share/robotiq_hande_description/cmake/robotiq_hande_descriptionConfig.cmake
[0.399s] -- Installing: /home/raghav/workspace/intrinsic_challenge/install/robotiq_hande_description/share/robotiq_hande_description/cmake/robotiq_hande_descriptionConfig-version.cmake
[0.399s] -- Installing: /home/raghav/workspace/intrinsic_challenge/install/robotiq_hande_description/share/robotiq_hande_description/package.xml
[0.404s] Invoked command in '/home/raghav/workspace/intrinsic_challenge/build/robotiq_hande_description' returned '0': CMAKE_PREFIX_PATH=${CMAKE_PREFIX_PATH}:/opt/ros/jazzy /usr/bin/cmake --install /home/raghav/workspace/intrinsic_challenge/build/robotiq_hande_description
