[0.040s] DEBUG:colcon:Command line arguments: ['/usr/bin/colcon', 'build', '--packages-select', 'gazebo_cable_env', '--symlink-install']
[0.040s] DEBUG:colcon:Parsed command line arguments: Namespace(log_base=None, log_level=None, verb_name='build', build_base='build', install_base='install', merge_install=False, symlink_install=True, test_result_base=None, continue_on_error=False, executor='parallel', parallel_workers=32, event_handlers=None, ignore_user_meta=False, metas=['./colcon.meta'], base_paths=['.'], packages_ignore=None, packages_ignore_regex=None, paths=None, packages_up_to=None, packages_up_to_regex=None, packages_above=None, packages_above_and_dependencies=None, packages_above_depth=None, packages_select_by_dep=None, packages_skip_by_dep=None, packages_skip_up_to=None, packages_select_build_failed=False, packages_skip_build_finished=False, packages_select_test_failures=False, packages_skip_test_passed=False, packages_select=['gazebo_cable_env'], packages_skip=None, packages_select_regex=None, packages_skip_regex=None, packages_start=None, packages_end=None, allow_overriding=[], cmake_args=None, cmake_target=None, cmake_target_skip_unavailable=False, cmake_clean_cache=False, cmake_clean_first=False, cmake_force_configure=False, ament_cmake_args=None, catkin_cmake_args=None, catkin_skip_building_tests=False, verb_parser=<colcon_defaults.argument_parser.defaults.DefaultArgumentsDecorator object at 0x76d825299070>, verb_extension=<colcon_core.verb.build.BuildVerb object at 0x76d825298e60>, main=<bound method BuildVerb.main of <colcon_core.verb.build.BuildVerb object at 0x76d825298e60>>)
[0.056s] Level 1:colcon.colcon_core.package_discovery:discover_packages(colcon_meta) check parameters
[0.056s] Level 1:colcon.colcon_core.package_discovery:discover_packages(recursive) check parameters
[0.056s] Level 1:colcon.colcon_core.package_discovery:discover_packages(ignore) check parameters
[0.056s] Level 1:colcon.colcon_core.package_discovery:discover_packages(path) check parameters
[0.056s] Level 1:colcon.colcon_core.package_discovery:discover_packages(colcon_meta) discover
[0.057s] Level 1:colcon.colcon_core.package_discovery:discover_packages(recursive) discover
[0.057s] INFO:colcon.colcon_core.package_discovery:Crawling recursively for packages in '/home/raghav/workspace/intrinsic_challenge'
[0.057s] Level 1:colcon.colcon_core.package_identification:_identify(.) by extensions ['ignore', 'ignore_ament_install']
[0.057s] Level 1:colcon.colcon_core.package_identification:_identify(.) by extension 'ignore'
[0.057s] Level 1:colcon.colcon_core.package_identification:_identify(.) by extension 'ignore_ament_install'
[0.057s] Level 1:colcon.colcon_core.package_identification:_identify(.) by extensions ['colcon_pkg']
[0.057s] Level 1:colcon.colcon_core.package_identification:_identify(.) by extension 'colcon_pkg'
[0.057s] Level 1:colcon.colcon_core.package_identification:_identify(.) by extensions ['colcon_meta']
[0.057s] Level 1:colcon.colcon_core.package_identification:_identify(.) by extension 'colcon_meta'
[0.057s] Level 1:colcon.colcon_core.package_identification:_identify(.) by extensions ['ros']
[0.057s] Level 1:colcon.colcon_core.package_identification:_identify(.) by extension 'ros'
[0.068s] Level 1:colcon.colcon_core.package_identification:_identify(.) by extensions ['cmake', 'python']
[0.068s] Level 1:colcon.colcon_core.package_identification:_identify(.) by extension 'cmake'
[0.068s] Level 1:colcon.colcon_core.package_identification:_identify(.) by extension 'python'
[0.068s] Level 1:colcon.colcon_core.package_identification:_identify(.) by extensions ['python_setup_py']
[0.068s] Level 1:colcon.colcon_core.package_identification:_identify(.) by extension 'python_setup_py'
[0.068s] Level 1:colcon.colcon_core.package_identification:_identify(IsaacLab) by extensions ['ignore', 'ignore_ament_install']
[0.068s] Level 1:colcon.colcon_core.package_identification:_identify(IsaacLab) by extension 'ignore'
[0.068s] Level 1:colcon.colcon_core.package_identification:_identify(IsaacLab) ignored
[0.068s] Level 1:colcon.colcon_core.package_identification:_identify(build) by extensions ['ignore', 'ignore_ament_install']
[0.068s] Level 1:colcon.colcon_core.package_identification:_identify(build) by extension 'ignore'
[0.068s] Level 1:colcon.colcon_core.package_identification:_identify(build) ignored
[0.068s] Level 1:colcon.colcon_core.package_identification:_identify(dreamerv3) by extensions ['ignore', 'ignore_ament_install']
[0.068s] Level 1:colcon.colcon_core.package_identification:_identify(dreamerv3) by extension 'ignore'
[0.068s] Level 1:colcon.colcon_core.package_identification:_identify(dreamerv3) ignored
[0.068s] Level 1:colcon.colcon_core.package_identification:_identify(gazebo_cable_env) by extensions ['ignore', 'ignore_ament_install']
[0.068s] Level 1:colcon.colcon_core.package_identification:_identify(gazebo_cable_env) by extension 'ignore'
[0.068s] Level 1:colcon.colcon_core.package_identification:_identify(gazebo_cable_env) by extension 'ignore_ament_install'
[0.068s] Level 1:colcon.colcon_core.package_identification:_identify(gazebo_cable_env) by extensions ['colcon_pkg']
[0.068s] Level 1:colcon.colcon_core.package_identification:_identify(gazebo_cable_env) by extension 'colcon_pkg'
[0.068s] Level 1:colcon.colcon_core.package_identification:_identify(gazebo_cable_env) by extensions ['colcon_meta']
[0.068s] Level 1:colcon.colcon_core.package_identification:_identify(gazebo_cable_env) by extension 'colcon_meta'
[0.068s] Level 1:colcon.colcon_core.package_identification:_identify(gazebo_cable_env) by extensions ['ros']
[0.068s] Level 1:colcon.colcon_core.package_identification:_identify(gazebo_cable_env) by extension 'ros'
[0.070s] DEBUG:colcon.colcon_core.package_identification:Package 'gazebo_cable_env' with type 'ros.ament_cmake' and name 'gazebo_cable_env'
[0.070s] Level 1:colcon.colcon_core.package_identification:_identify(images) by extensions ['ignore', 'ignore_ament_install']
[0.070s] Level 1:colcon.colcon_core.package_identification:_identify(images) by extension 'ignore'
[0.070s] Level 1:colcon.colcon_core.package_identification:_identify(images) by extension 'ignore_ament_install'
[0.070s] Level 1:colcon.colcon_core.package_identification:_identify(images) by extensions ['colcon_pkg']
[0.070s] Level 1:colcon.colcon_core.package_identification:_identify(images) by extension 'colcon_pkg'
[0.070s] Level 1:colcon.colcon_core.package_identification:_identify(images) by extensions ['colcon_meta']
[0.070s] Level 1:colcon.colcon_core.package_identification:_identify(images) by extension 'colcon_meta'
[0.070s] Level 1:colcon.colcon_core.package_identification:_identify(images) by extensions ['ros']
[0.070s] Level 1:colcon.colcon_core.package_identification:_identify(images) by extension 'ros'
[0.070s] Level 1:colcon.colcon_core.package_identification:_identify(images) by extensions ['cmake', 'python']
[0.070s] Level 1:colcon.colcon_core.package_identification:_identify(images) by extension 'cmake'
[0.070s] Level 1:colcon.colcon_core.package_identification:_identify(images) by extension 'python'
[0.070s] Level 1:colcon.colcon_core.package_identification:_identify(images) by extensions ['python_setup_py']
[0.070s] Level 1:colcon.colcon_core.package_identification:_identify(images) by extension 'python_setup_py'
[0.070s] Level 1:colcon.colcon_core.package_identification:_identify(install) by extensions ['ignore', 'ignore_ament_install']
[0.070s] Level 1:colcon.colcon_core.package_identification:_identify(install) by extension 'ignore'
[0.070s] Level 1:colcon.colcon_core.package_identification:_identify(install) ignored
[0.070s] Level 1:colcon.colcon_core.package_identification:_identify(log) by extensions ['ignore', 'ignore_ament_install']
[0.070s] Level 1:colcon.colcon_core.package_identification:_identify(log) by extension 'ignore'
[0.070s] Level 1:colcon.colcon_core.package_identification:_identify(log) ignored
[0.070s] Level 1:colcon.colcon_core.package_identification:_identify(robotic_world_model) by extensions ['ignore', 'ignore_ament_install']
[0.070s] Level 1:colcon.colcon_core.package_identification:_identify(robotic_world_model) by extension 'ignore'
[0.070s] Level 1:colcon.colcon_core.package_identification:_identify(robotic_world_model) ignored
[0.070s] Level 1:colcon.colcon_core.package_identification:_identify(robotiq_hande_description) by extensions ['ignore', 'ignore_ament_install']
[0.070s] Level 1:colcon.colcon_core.package_identification:_identify(robotiq_hande_description) by extension 'ignore'
[0.070s] Level 1:colcon.colcon_core.package_identification:_identify(robotiq_hande_description) by extension 'ignore_ament_install'
[0.070s] Level 1:colcon.colcon_core.package_identification:_identify(robotiq_hande_description) by extensions ['colcon_pkg']
[0.070s] Level 1:colcon.colcon_core.package_identification:_identify(robotiq_hande_description) by extension 'colcon_pkg'
[0.070s] Level 1:colcon.colcon_core.package_identification:_identify(robotiq_hande_description) by extensions ['colcon_meta']
[0.070s] Level 1:colcon.colcon_core.package_identification:_identify(robotiq_hande_description) by extension 'colcon_meta'
[0.070s] Level 1:colcon.colcon_core.package_identification:_identify(robotiq_hande_description) by extensions ['ros']
[0.070s] Level 1:colcon.colcon_core.package_identification:_identify(robotiq_hande_description) by extension 'ros'
[0.071s] DEBUG:colcon.colcon_core.package_identification:Package 'robotiq_hande_description' with type 'ros.ament_cmake' and name 'robotiq_hande_description'
[0.071s] Level 1:colcon.colcon_core.package_identification:_identify(rsl_rl_rwm) by extensions ['ignore', 'ignore_ament_install']
[0.071s] Level 1:colcon.colcon_core.package_identification:_identify(rsl_rl_rwm) by extension 'ignore'
[0.071s] Level 1:colcon.colcon_core.package_identification:_identify(rsl_rl_rwm) ignored
[0.071s] Level 1:colcon.colcon_core.package_identification:_identify(rwm_ur5e) by extensions ['ignore', 'ignore_ament_install']
[0.071s] Level 1:colcon.colcon_core.package_identification:_identify(rwm_ur5e) by extension 'ignore'
[0.071s] Level 1:colcon.colcon_core.package_identification:_identify(rwm_ur5e) ignored
[0.071s] Level 1:colcon.colcon_core.package_identification:_identify(ur_description) by extensions ['ignore', 'ignore_ament_install']
[0.071s] Level 1:colcon.colcon_core.package_identification:_identify(ur_description) by extension 'ignore'
[0.071s] Level 1:colcon.colcon_core.package_identification:_identify(ur_description) ignored
[0.071s] Level 1:colcon.colcon_core.package_discovery:discover_packages(recursive) using defaults
[0.071s] Level 1:colcon.colcon_core.package_discovery:discover_packages(ignore) discover
[0.071s] Level 1:colcon.colcon_core.package_discovery:discover_packages(ignore) using defaults
[0.071s] Level 1:colcon.colcon_core.package_discovery:discover_packages(path) discover
[0.071s] Level 1:colcon.colcon_core.package_discovery:discover_packages(path) using defaults
[0.078s] INFO:colcon.colcon_core.package_selection:Skipping not selected package 'robotiq_hande_description' in 'robotiq_hande_description'
[0.079s] Level 1:colcon.colcon_core.package_discovery:discover_packages(prefix_path) check parameters
[0.079s] Level 1:colcon.colcon_core.package_discovery:discover_packages(prefix_path) discover
[0.079s] DEBUG:colcon.colcon_installed_package_information.package_discovery:Found 2 installed packages in /home/raghav/workspace/intrinsic_challenge/install
[0.080s] DEBUG:colcon.colcon_installed_package_information.package_discovery:Found 350 installed packages in /opt/ros/jazzy
[0.080s] Level 1:colcon.colcon_core.package_discovery:discover_packages(prefix_path) using defaults
[0.097s] Level 5:colcon.colcon_core.verb:set package 'gazebo_cable_env' build argument 'cmake_args' from command line to 'None'
[0.097s] Level 5:colcon.colcon_core.verb:set package 'gazebo_cable_env' build argument 'cmake_target' from command line to 'None'
[0.097s] Level 5:colcon.colcon_core.verb:set package 'gazebo_cable_env' build argument 'cmake_target_skip_unavailable' from command line to 'False'
[0.097s] Level 5:colcon.colcon_core.verb:set package 'gazebo_cable_env' build argument 'cmake_clean_cache' from command line to 'False'
[0.097s] Level 5:colcon.colcon_core.verb:set package 'gazebo_cable_env' build argument 'cmake_clean_first' from command line to 'False'
[0.097s] Level 5:colcon.colcon_core.verb:set package 'gazebo_cable_env' build argument 'cmake_force_configure' from command line to 'False'
[0.097s] Level 5:colcon.colcon_core.verb:set package 'gazebo_cable_env' build argument 'ament_cmake_args' from command line to 'None'
[0.097s] Level 5:colcon.colcon_core.verb:set package 'gazebo_cable_env' build argument 'catkin_cmake_args' from command line to 'None'
[0.097s] Level 5:colcon.colcon_core.verb:set package 'gazebo_cable_env' build argument 'catkin_skip_building_tests' from command line to 'False'
[0.097s] DEBUG:colcon.colcon_core.verb:Building package 'gazebo_cable_env' with the following arguments: {'ament_cmake_args': None, 'build_base': '/home/raghav/workspace/intrinsic_challenge/build/gazebo_cable_env', 'catkin_cmake_args': None, 'catkin_skip_building_tests': False, 'cmake_args': None, 'cmake_clean_cache': False, 'cmake_clean_first': False, 'cmake_force_configure': False, 'cmake_target': None, 'cmake_target_skip_unavailable': False, 'install_base': '/home/raghav/workspace/intrinsic_challenge/install/gazebo_cable_env', 'merge_install': False, 'path': '/home/raghav/workspace/intrinsic_challenge/gazebo_cable_env', 'symlink_install': True, 'test_result_base': None}
[0.097s] INFO:colcon.colcon_core.executor:Executing jobs using 'parallel' executor
[0.098s] DEBUG:colcon.colcon_parallel_executor.executor.parallel:run_until_complete
[0.098s] INFO:colcon.colcon_ros.task.ament_cmake.build:Building ROS package in '/home/raghav/workspace/intrinsic_challenge/gazebo_cable_env' with build type 'ament_cmake'
[0.098s] INFO:colcon.colcon_cmake.task.cmake.build:Building CMake package in '/home/raghav/workspace/intrinsic_challenge/gazebo_cable_env'
[0.099s] INFO:colcon.colcon_core.plugin_system:Skipping extension 'colcon_core.shell.bat': Not used on non-Windows systems
[0.099s] INFO:colcon.colcon_core.shell:Skip shell extension 'powershell' for command environment: Not usable outside of PowerShell
[0.099s] DEBUG:colcon.colcon_core.shell:Skip shell extension 'dsv' for command environment
[0.103s] DEBUG:colcon.colcon_core.event_handler.log_command:Invoking command in '/home/raghav/workspace/intrinsic_challenge/build/gazebo_cable_env': CMAKE_PREFIX_PATH=${CMAKE_PREFIX_PATH}:/opt/ros/jazzy CONDA_PROMPT_MODIFIER=(base) DEBUGINFOD_URLS=https://debuginfod.ubuntu.com /usr/bin/cmake --build /home/raghav/workspace/intrinsic_challenge/build/gazebo_cable_env -- -j32 -l32
[0.122s] DEBUG:colcon.colcon_core.event_handler.log_command:Invoked command in '/home/raghav/workspace/intrinsic_challenge/build/gazebo_cable_env' returned '0': CMAKE_PREFIX_PATH=${CMAKE_PREFIX_PATH}:/opt/ros/jazzy CONDA_PROMPT_MODIFIER=(base) DEBUGINFOD_URLS=https://debuginfod.ubuntu.com /usr/bin/cmake --build /home/raghav/workspace/intrinsic_challenge/build/gazebo_cable_env -- -j32 -l32
[0.127s] DEBUG:colcon.colcon_core.event_handler.log_command:Invoking command in '/home/raghav/workspace/intrinsic_challenge/build/gazebo_cable_env': CMAKE_PREFIX_PATH=${CMAKE_PREFIX_PATH}:/opt/ros/jazzy CONDA_PROMPT_MODIFIER=(base) DEBUGINFOD_URLS=https://debuginfod.ubuntu.com /usr/bin/cmake --install /home/raghav/workspace/intrinsic_challenge/build/gazebo_cable_env
[0.136s] Level 1:colcon.colcon_core.environment:create_environment_scripts_only(gazebo_cable_env)
[0.136s] DEBUG:colcon.colcon_core.event_handler.log_command:Invoked command in '/home/raghav/workspace/intrinsic_challenge/build/gazebo_cable_env' returned '0': CMAKE_PREFIX_PATH=${CMAKE_PREFIX_PATH}:/opt/ros/jazzy CONDA_PROMPT_MODIFIER=(base) DEBUGINFOD_URLS=https://debuginfod.ubuntu.com /usr/bin/cmake --install /home/raghav/workspace/intrinsic_challenge/build/gazebo_cable_env
[0.137s] Level 1:colcon.colcon_core.environment:checking '/home/raghav/workspace/intrinsic_challenge/install/gazebo_cable_env' for CMake module files
[0.137s] Level 1:colcon.colcon_core.environment:checking '/home/raghav/workspace/intrinsic_challenge/install/gazebo_cable_env' for CMake config files
[0.137s] Level 1:colcon.colcon_core.shell:create_environment_hook('gazebo_cable_env', 'cmake_prefix_path')
[0.137s] INFO:colcon.colcon_core.shell:Creating environment hook '/home/raghav/workspace/intrinsic_challenge/install/gazebo_cable_env/share/gazebo_cable_env/hook/cmake_prefix_path.ps1'
[0.138s] INFO:colcon.colcon_core.shell:Creating environment descriptor '/home/raghav/workspace/intrinsic_challenge/install/gazebo_cable_env/share/gazebo_cable_env/hook/cmake_prefix_path.dsv'
[0.138s] INFO:colcon.colcon_core.shell:Creating environment hook '/home/raghav/workspace/intrinsic_challenge/install/gazebo_cable_env/share/gazebo_cable_env/hook/cmake_prefix_path.sh'
[0.138s] Level 1:colcon.colcon_core.environment:checking '/home/raghav/workspace/intrinsic_challenge/install/gazebo_cable_env/bin'
[0.138s] Level 1:colcon.colcon_core.environment:checking '/home/raghav/workspace/intrinsic_challenge/install/gazebo_cable_env/lib/pkgconfig/gazebo_cable_env.pc'
[0.138s] Level 1:colcon.colcon_core.environment:checking '/home/raghav/workspace/intrinsic_challenge/install/gazebo_cable_env/lib/python3.12/site-packages'
[0.139s] Level 1:colcon.colcon_core.environment:checking '/home/raghav/workspace/intrinsic_challenge/install/gazebo_cable_env/bin'
[0.139s] INFO:colcon.colcon_core.shell:Creating package script '/home/raghav/workspace/intrinsic_challenge/install/gazebo_cable_env/share/gazebo_cable_env/package.ps1'
[0.139s] INFO:colcon.colcon_core.shell:Creating package descriptor '/home/raghav/workspace/intrinsic_challenge/install/gazebo_cable_env/share/gazebo_cable_env/package.dsv'
[0.139s] INFO:colcon.colcon_core.shell:Creating package script '/home/raghav/workspace/intrinsic_challenge/install/gazebo_cable_env/share/gazebo_cable_env/package.sh'
[0.139s] INFO:colcon.colcon_core.shell:Creating package script '/home/raghav/workspace/intrinsic_challenge/install/gazebo_cable_env/share/gazebo_cable_env/package.bash'
[0.140s] INFO:colcon.colcon_core.shell:Creating package script '/home/raghav/workspace/intrinsic_challenge/install/gazebo_cable_env/share/gazebo_cable_env/package.zsh'
[0.140s] Level 1:colcon.colcon_core.environment:create_file_with_runtime_dependencies(/home/raghav/workspace/intrinsic_challenge/install/gazebo_cable_env/share/colcon-core/packages/gazebo_cable_env)
[0.140s] Level 1:colcon.colcon_core.environment:create_environment_scripts_only(gazebo_cable_env)
[0.140s] Level 1:colcon.colcon_core.environment:checking '/home/raghav/workspace/intrinsic_challenge/install/gazebo_cable_env' for CMake module files
[0.140s] Level 1:colcon.colcon_core.environment:checking '/home/raghav/workspace/intrinsic_challenge/install/gazebo_cable_env' for CMake config files
[0.140s] Level 1:colcon.colcon_core.shell:create_environment_hook('gazebo_cable_env', 'cmake_prefix_path')
[0.140s] INFO:colcon.colcon_core.shell:Creating environment hook '/home/raghav/workspace/intrinsic_challenge/install/gazebo_cable_env/share/gazebo_cable_env/hook/cmake_prefix_path.ps1'
[0.141s] INFO:colcon.colcon_core.shell:Creating environment descriptor '/home/raghav/workspace/intrinsic_challenge/install/gazebo_cable_env/share/gazebo_cable_env/hook/cmake_prefix_path.dsv'
[0.141s] INFO:colcon.colcon_core.shell:Creating environment hook '/home/raghav/workspace/intrinsic_challenge/install/gazebo_cable_env/share/gazebo_cable_env/hook/cmake_prefix_path.sh'
[0.141s] Level 1:colcon.colcon_core.environment:checking '/home/raghav/workspace/intrinsic_challenge/install/gazebo_cable_env/bin'
[0.141s] Level 1:colcon.colcon_core.environment:checking '/home/raghav/workspace/intrinsic_challenge/install/gazebo_cable_env/lib/pkgconfig/gazebo_cable_env.pc'
[0.141s] Level 1:colcon.colcon_core.environment:checking '/home/raghav/workspace/intrinsic_challenge/install/gazebo_cable_env/lib/python3.12/site-packages'
[0.141s] Level 1:colcon.colcon_core.environment:checking '/home/raghav/workspace/intrinsic_challenge/install/gazebo_cable_env/bin'
[0.141s] INFO:colcon.colcon_core.shell:Creating package script '/home/raghav/workspace/intrinsic_challenge/install/gazebo_cable_env/share/gazebo_cable_env/package.ps1'
[0.141s] INFO:colcon.colcon_core.shell:Creating package descriptor '/home/raghav/workspace/intrinsic_challenge/install/gazebo_cable_env/share/gazebo_cable_env/package.dsv'
[0.142s] INFO:colcon.colcon_core.shell:Creating package script '/home/raghav/workspace/intrinsic_challenge/install/gazebo_cable_env/share/gazebo_cable_env/package.sh'
[0.142s] INFO:colcon.colcon_core.shell:Creating package script '/home/raghav/workspace/intrinsic_challenge/install/gazebo_cable_env/share/gazebo_cable_env/package.bash'
[0.142s] INFO:colcon.colcon_core.shell:Creating package script '/home/raghav/workspace/intrinsic_challenge/install/gazebo_cable_env/share/gazebo_cable_env/package.zsh'
[0.142s] Level 1:colcon.colcon_core.environment:create_file_with_runtime_dependencies(/home/raghav/workspace/intrinsic_challenge/install/gazebo_cable_env/share/colcon-core/packages/gazebo_cable_env)
[0.142s] DEBUG:colcon.colcon_parallel_executor.executor.parallel:closing loop
[0.142s] DEBUG:colcon.colcon_parallel_executor.executor.parallel:loop closed
[0.142s] DEBUG:colcon.colcon_parallel_executor.executor.parallel:run_until_complete finished with '0'
[0.142s] DEBUG:colcon.colcon_core.event_reactor:joining thread
[0.145s] INFO:colcon.colcon_core.plugin_system:Skipping extension 'colcon_notification.desktop_notification.terminal_notifier': Not used on non-Darwin systems
[0.145s] INFO:colcon.colcon_core.plugin_system:Skipping extension 'colcon_notification.desktop_notification.win32': Not used on non-Windows systems
[0.145s] INFO:colcon.colcon_notification.desktop_notification:Sending desktop notification using 'notify2'
[0.153s] DEBUG:colcon.colcon_core.event_reactor:joined thread
[0.153s] INFO:colcon.colcon_core.shell:Creating prefix script '/home/raghav/workspace/intrinsic_challenge/install/local_setup.ps1'
[0.153s] INFO:colcon.colcon_core.shell:Creating prefix util module '/home/raghav/workspace/intrinsic_challenge/install/_local_setup_util_ps1.py'
[0.154s] INFO:colcon.colcon_core.shell:Creating prefix chain script '/home/raghav/workspace/intrinsic_challenge/install/setup.ps1'
[0.154s] INFO:colcon.colcon_core.shell:Creating prefix script '/home/raghav/workspace/intrinsic_challenge/install/local_setup.sh'
[0.154s] INFO:colcon.colcon_core.shell:Creating prefix util module '/home/raghav/workspace/intrinsic_challenge/install/_local_setup_util_sh.py'
[0.154s] INFO:colcon.colcon_core.shell:Creating prefix chain script '/home/raghav/workspace/intrinsic_challenge/install/setup.sh'
[0.155s] INFO:colcon.colcon_core.shell:Creating prefix script '/home/raghav/workspace/intrinsic_challenge/install/local_setup.bash'
[0.155s] INFO:colcon.colcon_core.shell:Creating prefix chain script '/home/raghav/workspace/intrinsic_challenge/install/setup.bash'
[0.155s] INFO:colcon.colcon_core.shell:Creating prefix script '/home/raghav/workspace/intrinsic_challenge/install/local_setup.zsh'
[0.155s] INFO:colcon.colcon_core.shell:Creating prefix chain script '/home/raghav/workspace/intrinsic_challenge/install/setup.zsh'
